
                         MODELLER 10.6, 2024/10/17, r12888

     PROTEIN STRUCTURE MODELLING BY SATISFACTION OF SPATIAL RESTRAINTS


                     Copyright(c) 1989-2024 Andrej Sali
                            All Rights Reserved

                             Written by A. Sali
                               with help from
              B. Webb, M.S. Madhusudhan, M-Y. Shen, G.Q. Dong,
          M.A. Marti-Renom, N. Eswar, F. Alber, M. Topf, B. Oliva,
             A. Fiser, R. Sanchez, B. Yerkovich, A. Badretdinov,
                     F. Melo, J.P. Overington, E. Feyfant
                 University of California, San Francisco, USA
                    Rockefeller University, New York, USA
                      Harvard University, Cambridge, USA
                   Imperial Cancer Research Fund, London, UK
              Birkbeck College, University of London, London, UK


Kind, OS, HostName, Kernel, Processor: 4, Darwin Mauricios-MacBook-Air.local 24.5.0 arm64
Date and time of compilation         : 2024/10/17 13:37:50
MODELLER executable type             : mac12arm64-gnu
Job starting time (YY/MM/DD HH:MM:SS): 2025/05/24 16:17:17

openf___224_> Open           $(LIB)/restyp.lib
openf___224_> Open           ${MODINSTALL10v6}/modlib/resgrp.lib
rdresgr_266_> Number of residue groups:        2
openf___224_> Open           ${MODINSTALL10v6}/modlib/sstruc.lib

Dynamically allocated memory at   amaxlibraries [B,KiB,MiB]:       191566     187.076     0.183

Dynamically allocated memory at   amaxlibraries [B,KiB,MiB]:       192094     187.592     0.183
openf___224_> Open           ${MODINSTALL10v6}/modlib/resdih.lib

Dynamically allocated memory at   amaxlibraries [B,KiB,MiB]:       240694     235.053     0.230
rdrdih__263_> Number of dihedral angle types         :        9
              Maximal number of dihedral angle optima:        3
              Dihedral angle names                   :  Alph Phi Psi Omeg chi1 chi2 chi3 chi4 chi5
openf___224_> Open           ${MODINSTALL10v6}/modlib/radii.lib

Dynamically allocated memory at   amaxlibraries [B,KiB,MiB]:       253994     248.041     0.242
openf___224_> Open           ${MODINSTALL10v6}/modlib/af_mnchdef.lib
rdwilmo_274_> Mainchain residue conformation classes:  APBLE
openf___224_> Open           ${MODINSTALL10v6}/modlib/mnch.lib
rdclass_257_> Number of classes:        5
openf___224_> Open           ${MODINSTALL10v6}/modlib/mnch1.lib
openf___224_> Open           ${MODINSTALL10v6}/modlib/mnch2.lib
openf___224_> Open           ${MODINSTALL10v6}/modlib/mnch3.lib
openf___224_> Open           ${MODINSTALL10v6}/modlib/xs4.mat
rdrrwgh_268_> Number of residue types:       21
[+] Compare alignments for CCND2 templates
['2w96 A', '2w9f A', '3g33 B', '7sj3 B']
[('2w96', 'A'), ('2w9f', 'A'), ('3g33', 'B'), ('7sj3', 'B')]
openf___224_> Open           ../CCND2/CCND2_templates/2w96.pdb

Dynamically allocated memory at amaxcoordinates [B,KiB,MiB]:       266204     259.965     0.254

Dynamically allocated memory at    amaxsequence [B,KiB,MiB]:       266280     260.039     0.254

Dynamically allocated memory at amaxcoordinates [B,KiB,MiB]:       266451     260.206     0.254

Dynamically allocated memory at amaxcoordinates [B,KiB,MiB]:       267301     261.036     0.255

Dynamically allocated memory at amaxcoordinates [B,KiB,MiB]:       268559     262.265     0.256

Dynamically allocated memory at amaxcoordinates [B,KiB,MiB]:       270463     264.124     0.258

Dynamically allocated memory at    amaxsequence [B,KiB,MiB]:       270503     264.163     0.258

Dynamically allocated memory at amaxcoordinates [B,KiB,MiB]:       270593     264.251     0.258

Dynamically allocated memory at amaxcoordinates [B,KiB,MiB]:       273449     267.040     0.261

Dynamically allocated memory at    amaxsequence [B,KiB,MiB]:       273509     267.099     0.261

Dynamically allocated memory at amaxcoordinates [B,KiB,MiB]:       273644     267.230     0.261

Dynamically allocated memory at amaxcoordinates [B,KiB,MiB]:       277928     271.414     0.265

Dynamically allocated memory at    amaxsequence [B,KiB,MiB]:       278016     271.500     0.265

Dynamically allocated memory at amaxcoordinates [B,KiB,MiB]:       278214     271.693     0.265

Dynamically allocated memory at amaxcoordinates [B,KiB,MiB]:       284640     277.969     0.271

Dynamically allocated memory at    amaxsequence [B,KiB,MiB]:       284772     278.098     0.272

Dynamically allocated memory at amaxcoordinates [B,KiB,MiB]:       285069     278.388     0.272

Dynamically allocated memory at amaxcoordinates [B,KiB,MiB]:       294691     287.784     0.281

Dynamically allocated memory at    amaxsequence [B,KiB,MiB]:       294891     287.979     0.281

Dynamically allocated memory at amaxcoordinates [B,KiB,MiB]:       295341     288.419     0.282

Dynamically allocated memory at amaxcoordinates [B,KiB,MiB]:       309791     302.530     0.295

Dynamically allocated memory at    amaxsequence [B,KiB,MiB]:       310091     302.823     0.296

Dynamically allocated memory at amaxcoordinates [B,KiB,MiB]:       310766     303.482     0.296

Dynamically allocated memory at amaxcoordinates [B,KiB,MiB]:       332424     324.633     0.317

Dynamically allocated memory at    amaxsequence [B,KiB,MiB]:       332872     325.070     0.317

Dynamically allocated memory at amaxcoordinates [B,KiB,MiB]:       333880     326.055     0.318

Dynamically allocated memory at amaxcoordinates [B,KiB,MiB]:       366384     357.797     0.349

Dynamically allocated memory at       amaxmodel [B,KiB,MiB]:       598256     584.234     0.571
read_mo_297_> Segments, residues, atoms:        1      249     1977
read_mo_298_> Segment:        1  6:A  265:A     1977

Dynamically allocated memory at   amaxalignment [B,KiB,MiB]:       605448     591.258     0.577

Dynamically allocated memory at   amaxstructure [B,KiB,MiB]:       750615     733.022     0.716
openf___224_> Open           ../CCND2/CCND2_templates/2w9f.pdb

Dynamically allocated memory at amaxcoordinates [B,KiB,MiB]:       761652     743.801     0.726

Dynamically allocated memory at    amaxsequence [B,KiB,MiB]:       761728     743.875     0.726

Dynamically allocated memory at amaxcoordinates [B,KiB,MiB]:       761899     744.042     0.727

Dynamically allocated memory at amaxcoordinates [B,KiB,MiB]:       762749     744.872     0.727

Dynamically allocated memory at amaxcoordinates [B,KiB,MiB]:       764007     746.101     0.729

Dynamically allocated memory at amaxcoordinates [B,KiB,MiB]:       765911     747.960     0.730

Dynamically allocated memory at    amaxsequence [B,KiB,MiB]:       765951     747.999     0.730

Dynamically allocated memory at amaxcoordinates [B,KiB,MiB]:       766041     748.087     0.731

Dynamically allocated memory at amaxcoordinates [B,KiB,MiB]:       768897     750.876     0.733

Dynamically allocated memory at    amaxsequence [B,KiB,MiB]:       768957     750.935     0.733

Dynamically allocated memory at amaxcoordinates [B,KiB,MiB]:       769092     751.066     0.733

Dynamically allocated memory at amaxcoordinates [B,KiB,MiB]:       773376     755.250     0.738

Dynamically allocated memory at    amaxsequence [B,KiB,MiB]:       773464     755.336     0.738

Dynamically allocated memory at amaxcoordinates [B,KiB,MiB]:       773662     755.529     0.738

Dynamically allocated memory at amaxcoordinates [B,KiB,MiB]:       780088     761.805     0.744

Dynamically allocated memory at    amaxsequence [B,KiB,MiB]:       780220     761.934     0.744

Dynamically allocated memory at amaxcoordinates [B,KiB,MiB]:       780517     762.224     0.744

Dynamically allocated memory at amaxcoordinates [B,KiB,MiB]:       790139     771.620     0.754

Dynamically allocated memory at    amaxsequence [B,KiB,MiB]:       790339     771.815     0.754

Dynamically allocated memory at amaxcoordinates [B,KiB,MiB]:       790789     772.255     0.754

Dynamically allocated memory at amaxcoordinates [B,KiB,MiB]:       805239     786.366     0.768

Dynamically allocated memory at    amaxsequence [B,KiB,MiB]:       805539     786.659     0.768

Dynamically allocated memory at amaxcoordinates [B,KiB,MiB]:       806214     787.318     0.769

Dynamically allocated memory at amaxcoordinates [B,KiB,MiB]:       827872     808.469     0.790

Dynamically allocated memory at    amaxsequence [B,KiB,MiB]:       828320     808.906     0.790

Dynamically allocated memory at amaxcoordinates [B,KiB,MiB]:       829328     809.891     0.791

Dynamically allocated memory at       amaxmodel [B,KiB,MiB]:      1000016     976.578     0.954
read_mo_297_> Segments, residues, atoms:        1      237     1889
read_mo_298_> Segment:        1  25:A  261:A     1889

Dynamically allocated memory at   amaxalignment [B,KiB,MiB]:       659736     644.273     0.629

Dynamically allocated memory at   amaxstructure [B,KiB,MiB]:       798155     779.448     0.761
openf___224_> Open           ../CCND2/CCND2_templates/3g33.pdb

Dynamically allocated memory at amaxcoordinates [B,KiB,MiB]:       809192     790.227     0.772

Dynamically allocated memory at    amaxsequence [B,KiB,MiB]:       809268     790.301     0.772

Dynamically allocated memory at amaxcoordinates [B,KiB,MiB]:       809439     790.468     0.772

Dynamically allocated memory at amaxcoordinates [B,KiB,MiB]:       810289     791.298     0.773

Dynamically allocated memory at amaxcoordinates [B,KiB,MiB]:       811547     792.526     0.774

Dynamically allocated memory at amaxcoordinates [B,KiB,MiB]:       813451     794.386     0.776

Dynamically allocated memory at amaxcoordinates [B,KiB,MiB]:       816307     797.175     0.778

Dynamically allocated memory at    amaxsequence [B,KiB,MiB]:       816347     797.214     0.779

Dynamically allocated memory at amaxcoordinates [B,KiB,MiB]:       816437     797.302     0.779

Dynamically allocated memory at amaxcoordinates [B,KiB,MiB]:       820721     801.485     0.783

Dynamically allocated memory at    amaxsequence [B,KiB,MiB]:       820781     801.544     0.783

Dynamically allocated memory at amaxcoordinates [B,KiB,MiB]:       820916     801.676     0.783

Dynamically allocated memory at amaxcoordinates [B,KiB,MiB]:       827342     807.951     0.789

Dynamically allocated memory at    amaxsequence [B,KiB,MiB]:       827430     808.037     0.789

Dynamically allocated memory at amaxcoordinates [B,KiB,MiB]:       827628     808.230     0.789

Dynamically allocated memory at amaxcoordinates [B,KiB,MiB]:       837250     817.627     0.798

Dynamically allocated memory at    amaxsequence [B,KiB,MiB]:       837382     817.756     0.799

Dynamically allocated memory at amaxcoordinates [B,KiB,MiB]:       837679     818.046     0.799

Dynamically allocated memory at    amaxsequence [B,KiB,MiB]:       837879     818.241     0.799

Dynamically allocated memory at amaxcoordinates [B,KiB,MiB]:       838329     818.681     0.799

Dynamically allocated memory at amaxcoordinates [B,KiB,MiB]:       852779     832.792     0.813

Dynamically allocated memory at    amaxsequence [B,KiB,MiB]:       853079     833.085     0.814

Dynamically allocated memory at amaxcoordinates [B,KiB,MiB]:       853754     833.744     0.814

Dynamically allocated memory at amaxcoordinates [B,KiB,MiB]:       875412     854.895     0.835

Dynamically allocated memory at    amaxsequence [B,KiB,MiB]:       875860     855.332     0.835

Dynamically allocated memory at amaxcoordinates [B,KiB,MiB]:       876868     856.316     0.836

Dynamically allocated memory at       amaxmodel [B,KiB,MiB]:      1047556    1023.004     0.999
read_mo_297_> Segments, residues, atoms:        1      229     1815
read_mo_298_> Segment:        1  23:B  254:B     1815

Dynamically allocated memory at   amaxalignment [B,KiB,MiB]:       800964     782.191     0.764

Dynamically allocated memory at   amaxstructure [B,KiB,MiB]:       934363     912.464     0.891
openf___224_> Open           ../CCND2/CCND2_templates/7sj3.pdb

Dynamically allocated memory at amaxcoordinates [B,KiB,MiB]:       945400     923.242     0.902

Dynamically allocated memory at    amaxsequence [B,KiB,MiB]:       945476     923.316     0.902

Dynamically allocated memory at amaxcoordinates [B,KiB,MiB]:       945647     923.483     0.902

Dynamically allocated memory at amaxcoordinates [B,KiB,MiB]:       946497     924.313     0.903

Dynamically allocated memory at amaxcoordinates [B,KiB,MiB]:       947755     925.542     0.904

Dynamically allocated memory at amaxcoordinates [B,KiB,MiB]:       949659     927.401     0.906

Dynamically allocated memory at    amaxsequence [B,KiB,MiB]:       949699     927.440     0.906

Dynamically allocated memory at amaxcoordinates [B,KiB,MiB]:       949789     927.528     0.906

Dynamically allocated memory at amaxcoordinates [B,KiB,MiB]:       952645     930.317     0.909

Dynamically allocated memory at    amaxsequence [B,KiB,MiB]:       952705     930.376     0.909

Dynamically allocated memory at amaxcoordinates [B,KiB,MiB]:       952840     930.508     0.909

Dynamically allocated memory at amaxcoordinates [B,KiB,MiB]:       957124     934.691     0.913

Dynamically allocated memory at    amaxsequence [B,KiB,MiB]:       957212     934.777     0.913

Dynamically allocated memory at amaxcoordinates [B,KiB,MiB]:       957410     934.971     0.913

Dynamically allocated memory at amaxcoordinates [B,KiB,MiB]:       963836     941.246     0.919

Dynamically allocated memory at    amaxsequence [B,KiB,MiB]:       963968     941.375     0.919

Dynamically allocated memory at amaxcoordinates [B,KiB,MiB]:       964265     941.665     0.920

Dynamically allocated memory at amaxcoordinates [B,KiB,MiB]:       973887     951.062     0.929

Dynamically allocated memory at    amaxsequence [B,KiB,MiB]:       974087     951.257     0.929

Dynamically allocated memory at amaxcoordinates [B,KiB,MiB]:       974537     951.696     0.929

Dynamically allocated memory at amaxcoordinates [B,KiB,MiB]:       988987     965.808     0.943

Dynamically allocated memory at    amaxsequence [B,KiB,MiB]:       989287     966.101     0.943

Dynamically allocated memory at amaxcoordinates [B,KiB,MiB]:       989962     966.760     0.944

Dynamically allocated memory at amaxcoordinates [B,KiB,MiB]:      1011620     987.910     0.965

Dynamically allocated memory at    amaxsequence [B,KiB,MiB]:      1012068     988.348     0.965

Dynamically allocated memory at amaxcoordinates [B,KiB,MiB]:      1013076     989.332     0.966

Dynamically allocated memory at       amaxmodel [B,KiB,MiB]:      1183764    1156.020     1.129
read_mo_297_> Segments, residues, atoms:        1      242     1898
read_mo_298_> Segment:        1  11:B  255:B     1898

Dynamically allocated memory at   amaxalignment [B,KiB,MiB]:       937172     915.207     0.894

Dynamically allocated memory at   amaxstructure [B,KiB,MiB]:      1077462    1052.209     1.028
openf___224_> Open           $(LIB)/as1.sim.mat
rdrrwgh_268_> Number of residue types:       20

Dynamically allocated memory at   amaxalignment [B,KiB,MiB]:      1077798    1052.537     1.028

Multiple dynamic programming alignment (MALIGN):
  Residue-residue metric  : $(LIB)/as1.sim.mat
  ALIGN_BLOCK             :            1
  Gap introduction penalty:    -900.0000
  Gap extension penalty   :     -50.0000
  Length of alignment     :          255

Dynamically allocated memory at   amaxalignment [B,KiB,MiB]:      1080661    1055.333     1.031

Dynamically allocated memory at   amaxstructure [B,KiB,MiB]:      1169158    1141.756     1.115
malign3_328_> Initial framework positions:      249
malign3_330_> Framework, Cycles, RMS_frw(i-1,i):        1        4        0.0000

Least-squares dynamic programming alignment:
     FIT_ATOMS atoms for alignment     : CA
     Max dist from frw for equivalence :    3.5000
     Gap introduction penalty          :    0.0000
     Gap extension penalty             :    1.7500
     Numb of residues in framework     :       227
compare_343_> >> BEGINNING OF COMMAND
errdih__638_> Missing atoms in a dihedral, residue index, residue type:        5        8  ILE
errdih__638_> Missing atoms in a dihedral, residue index, residue type:        6        8  ILE
errdih__638_> Missing atoms in a dihedral, residue index, residue type:        5       31  ARG
errdih__638_> Missing atoms in a dihedral, residue index, residue type:        5       36  GLN
errdih__638_> Missing atoms in a dihedral, residue index, residue type:        5       86  LYS
errdih__638_> Missing atoms in a dihedral, residue index, residue type:        5      207  MET
errdih__638_> Missing atoms in a dihedral, residue index, residue type:        6       31  ARG
errdih__638_> Missing atoms in a dihedral, residue index, residue type:        6       36  GLN
errdih__638_> Missing atoms in a dihedral, residue index, residue type:        6       86  LYS
errdih__638_> Missing atoms in a dihedral, residue index, residue type:        6      207  MET
errdih__638_> Missing atoms in a dihedral, residue index, residue type:        7       31  ARG
errdih__638_> Missing atoms in a dihedral, residue index, residue type:        7       36  GLN
errdih__638_> Missing atoms in a dihedral, residue index, residue type:        7       86  LYS
errdih__638_> Missing atoms in a dihedral, residue index, residue type:        7      207  MET
errdih__638_> Missing atoms in a dihedral, residue index, residue type:        8       31  ARG
errdih__638_> Missing atoms in a dihedral, residue index, residue type:        8       86  LYS




COMPARISON OF SEVERAL 3D STRUCTURES:


  #  ALGNMT CODE      ATOM FILE                          

  1  2w96A
  2  2w9fA
  3  3g33B
  4  7sj3B



Variability at a given position is calculated as: 
VAR = 1/Nij * sum_ij (feat_i - feat_j)
sum runs over all pairs of proteins with residues present.



>> Least-squares superposition (FIT)           :       T

   Atom types for superposition/RMS (FIT_ATOMS): CA
   Atom type for position average/variability (VARATOM): CA


   Position comparison (FIT_ATOMS): 

       Cutoff for RMS calculation:     3.5000

       Upper = RMS, Lower = numb equiv positions

        2w96A   2w9fA   3g33B   7sj3B   
2w96A      0.000   0.500   1.260   1.132
2w9fA        237   0.000   1.181   1.072
3g33B        218     218   0.000   0.681
7sj3B        222     222     225   0.000



   Distance comparison (FIT_ATOMS): 

       Cutoff for rms calculation:     3.5000

       Upper = Distance RMS, Lower = numb equiv distances

        2w96A   2w9fA   3g33B   7sj3B   
2w96A      0.000   0.393   1.067   1.024
2w9fA      27966   0.000   0.999   0.930
3g33B      25162   25190   0.000   0.621
7sj3B      25859   25523   26035   0.000

>> Sequence comparison: 

       Diag=numb res, Upper=numb equiv res, Lower = % seq ID


            2w96A   2w9fA   3g33B   7sj3B
2w96A         249     237     130     131
2w9fA         100     237     130     131
3g33B          57      57     229     229
7sj3B          54      55     100     242


>> Dihedral angle comparison: Alph


       Cutoff for rms comparison:    60.0000

       Upper = RMS Alph, Lower = numb of equiv angles

        2w96A   2w9fA   3g33B   7sj3B   
2w96A      0.000   5.091  13.644  14.222
2w9fA        234   0.000  13.880  14.136
3g33B        215     215   0.000  10.775
7sj3B        222     216     223   0.000


>> Dihedral angle comparison: Phi 


       Cutoff for rms comparison:    60.0000

       Upper = RMS Phi , Lower = numb of equiv angles

        2w96A   2w9fA   3g33B   7sj3B   
2w96A      0.000  11.968  14.726  14.339
2w9fA        235   0.000  17.039  14.100
3g33B        220     218   0.000  13.906
7sj3B        226     218     224   0.000


>> Dihedral angle comparison: Psi 


       Cutoff for rms comparison:    15.0000

       Upper = RMS Psi , Lower = numb of equiv angles

        2w96A   2w9fA   3g33B   7sj3B   
2w96A      0.000   6.992   7.949   7.060
2w9fA        202   0.000   8.046   7.330
3g33B        150     135   0.000   7.219
7sj3B        185     162     179   0.000


>> Dihedral angle comparison: Omeg


       Cutoff for rms comparison:    60.0000

       Upper = RMS Omeg, Lower = numb of equiv angles

        2w96A   2w9fA   3g33B   7sj3B   
2w96A      0.000   4.599   6.122   7.099
2w9fA        236   0.000   5.420   5.982
3g33B        227     225   0.000   4.827
7sj3B        234     226     228   0.000


>> Dihedral angle comparison: chi1


       Cutoff for rms comparison:    60.0000

       Upper = RMS chi1, Lower = numb of equiv angles

        2w96A   2w9fA   3g33B   7sj3B   
2w96A      0.000  12.172  14.857  16.919
2w9fA        206   0.000  18.069  17.471
3g33B        127     132   0.000  16.328
7sj3B        131     131     150   0.000


>> Dihedral angle comparison: chi2


       Cutoff for rms comparison:    60.0000

       Upper = RMS chi2, Lower = numb of equiv angles

        2w96A   2w9fA   3g33B   7sj3B   
2w96A      0.000  14.768  17.216  19.633
2w9fA        151   0.000  18.510  18.155
3g33B         85      86   0.000  17.589
7sj3B         83      84     107   0.000


>> Dihedral angle comparison: chi3


       Cutoff for rms comparison:    60.0000

       Upper = RMS chi3, Lower = numb of equiv angles

        2w96A   2w9fA   3g33B   7sj3B   
2w96A      0.000  20.102  23.723  25.812
2w9fA         76   0.000  29.133  29.543
3g33B         37      37   0.000  26.187
7sj3B         39      45      48   0.000


>> Dihedral angle comparison: chi4


       Cutoff for rms comparison:    60.0000

       Upper = RMS chi4, Lower = numb of equiv angles

        2w96A   2w9fA   3g33B   7sj3B   
2w96A      0.000  19.125  23.653  21.003
2w9fA         27   0.000  18.210  22.131
3g33B          9       9   0.000  17.497
7sj3B          8       7      13   0.000


>> Dihedral angle comparison: chi5


       Cutoff for rms comparison:    60.0000

       Upper = RMS chi5, Lower = numb of equiv angles

        2w96A   2w9fA   3g33B   7sj3B   
2w96A      0.000   0.000   0.000   0.000
2w9fA          0   0.000   0.000   0.000
3g33B          0       0   0.000   0.000
7sj3B          0       0       0   0.000



>> Ramachandran mainchain class substitution
   prot 1 --> prot 2; class on vert --> class on horiz

              A      P      B      L      E      U
      A    1099      6     13      2      6      6
      P       8     76     24      0      0      0
      B       4     28     59      0      0      0
      L       9      4      0     32      0      1
      E       1      0      1      1      1      0
      U       4      0      0      0      0      1


   Summary (% does not count undefined):

   CODE   # ID # NID # TOT   % ID  % NID  % TOT
      A   1099    33  1132   79.6    2.4   82.0
      P     76    32   108    5.5    2.3    7.8
      B     59    32    91    4.3    2.3    6.6
      L     32    14    46    2.3    1.0    3.3
      E      1     3     4    0.1    0.2    0.3
   --------------------------------------------
   SUMS   1267   114  1381   91.7    8.3  100.0
   --------------------------------------------
      U      1     4     5    0.1    0.3    0.4



>> Dihedral class substitution: Alph
   prot 1 --> prot 2; class on vert --> class on horiz

              1      2      3      4
      1      21      5      8      0
      2      13   1054     18     12
      3       8     18    223      0
      4       0      4      0      2


   Summary (% does not count undefined):

   CODE   # ID # NID # TOT   % ID  % NID  % TOT
      1     21    13    34    1.5    0.9    2.5
      2   1054    43  1097   76.4    3.1   79.5
      3    223    26   249   16.2    1.9   18.0
   --------------------------------------------
   SUMS   1298    82  1380   94.1    5.9  100.0
   --------------------------------------------
      4      2     4     6    0.1    0.3    0.4



>> Dihedral class substitution: Phi 
   prot 1 --> prot 2; class on vert --> class on horiz

              1      2      3      4
      1    1042      8     74      0
      2      13     34      1      1
      3      61      0    147      1
      4       3      0      0      1


   Summary (% does not count undefined):

   CODE   # ID # NID # TOT   % ID  % NID  % TOT
      1   1042    82  1124   75.4    5.9   81.3
      2     34    15    49    2.5    1.1    3.5
      3    147    62   209   10.6    4.5   15.1
   --------------------------------------------
   SUMS   1223   159  1382   88.5   11.5  100.0
   --------------------------------------------
      4      1     3     4    0.1    0.2    0.3



>> Dihedral class substitution: Psi 
   prot 1 --> prot 2; class on vert --> class on horiz

              1      2      3      4
      1     996     52     21      4
      2      23    100     14      1
      3      12     10    152      0
      4       0      1      0      0


   Summary (% does not count undefined):

   CODE   # ID # NID # TOT   % ID  % NID  % TOT
      1    996    77  1073   71.9    5.6   77.5
      2    100    38   138    7.2    2.7   10.0
      3    152    22   174   11.0    1.6   12.6
   --------------------------------------------
   SUMS   1248   137  1385   90.1    9.9  100.0
   --------------------------------------------
      4      0     1     1    0.0    0.1    0.1



>> Dihedral class substitution: Omeg
   prot 1 --> prot 2; class on vert --> class on horiz

              1      2      3      4
      1    1377      3      0      5
      2       0      0      0      0
      3       0      0      0      0
      4       1      0      0      0


   Summary (% does not count undefined):

   CODE   # ID # NID # TOT   % ID  % NID  % TOT
      1   1377     8  1385   99.4    0.6  100.0
      2      0     0     0    0.0    0.0    0.0
      3      0     0     0    0.0    0.0    0.0
   --------------------------------------------
   SUMS   1377     8  1385   99.4    0.6  100.0
   --------------------------------------------
      4      0     1     1    0.0    0.1    0.1



>> Dihedral class substitution: chi1
   prot 1 --> prot 2; class on vert --> class on horiz

              1      2      3      4
      1     623    110     22     41
      2     106    238      4     22
      3      20     11     25     14
      4      15      7      4    124


   Summary (% does not count undefined):

   CODE   # ID # NID # TOT   % ID  % NID  % TOT
      1    623   173   796   50.4   14.0   64.4
      2    238   132   370   19.3   10.7   29.9
      3     25    45    70    2.0    3.6    5.7
   --------------------------------------------
   SUMS    886   350  1236   71.7   28.3  100.0
   --------------------------------------------
      4    124    26   150    8.9    1.9   10.8



>> Dihedral class substitution: chi2
   prot 1 --> prot 2; class on vert --> class on horiz

              1      2      3      4
      1     421     68     20     68
      2      82    185      5     27
      3      19     10     12      8
      4      61     22      2    376


   Summary (% does not count undefined):

   CODE   # ID # NID # TOT   % ID  % NID  % TOT
      1    421   156   577   45.5   16.9   62.4
      2    185   114   299   20.0   12.3   32.3
      3     12    37    49    1.3    4.0    5.3
   --------------------------------------------
   SUMS    618   307   925   66.8   33.2  100.0
   --------------------------------------------
      4    376    85   461   27.1    6.1   33.3



>> Dihedral class substitution: chi3
   prot 1 --> prot 2; class on vert --> class on horiz

              1      2      3      4
      1     255     29      6     51
      2      39     21      3     16
      3      19      9     18     14
      4      36      9      0    861


   Summary (% does not count undefined):

   CODE   # ID # NID # TOT   % ID  % NID  % TOT
      1    255    86   341   53.1   17.9   71.0
      2     21    58    79    4.4   12.1   16.5
      3     18    42    60    3.8    8.8   12.5
   --------------------------------------------
   SUMS    294   186   480   61.3   38.8  100.0
   --------------------------------------------
      4    861    45   906   62.1    3.2   65.4



>> Dihedral class substitution: chi4
   prot 1 --> prot 2; class on vert --> class on horiz

              1      2      3      4
      1      56     14     13     30
      2      12      7      2      6
      3      13      1      6      8
      4      21      2      8   1187


   Summary (% does not count undefined):

   CODE   # ID # NID # TOT   % ID  % NID  % TOT
      1     56    57   113   33.3   33.9   67.3
      2      7    20    27    4.2   11.9   16.1
      3      6    22    28    3.6   13.1   16.7
   --------------------------------------------
   SUMS     69    99   168   41.1   58.9  100.0
   --------------------------------------------
      4   1187    31  1218   85.6    2.2   87.9



>> Dihedral class substitution: chi5
   prot 1 --> prot 2; class on vert --> class on horiz

              1      2      3      4
      1       0      0      0      0
      2       0      0      0      0
      3       0      0      0      0
      4       0      0      0   1386


   Summary (% does not count undefined):

   CODE   # ID # NID # TOT   % ID  % NID  % TOT
      1      0     0     0    0.0    0.0    0.0
      2      0     0     0    0.0    0.0    0.0
      3      0     0     0    0.0    0.0    0.0
   --------------------------------------------
   SUMS      0     0     0    0.0    0.0    0.0
   --------------------------------------------
      4   1386     0  1386  100.0    0.0  100.0



>> Detailed comparison:


       Structure :  2
       Structure :  3
       Structure :  4
       ALN      ... alignment position
       RESID... ... residue numbers 1/2/3
       AAA      ... amino acid types 1/2/3
       MNC      ... mainchain classes 1/2/3
       ALP...   ... dihedral angle classes (alpha,phi,psi,...)

ALN RESIDUE_NUMBERS AAA MNC ALP PHI PSI OMG CH1 CH2 CH3 CH4 CH5 
---------------------------------------------------------------
  1  ---- ----11    --H --U --4 --4 --1 --1 --2 --1 --4 --4 --4
  2  ---- ----12    --A --B --3 --3 --2 --1 --4 --4 --4 --4 --4
  3  ---- ----13    --P --P --3 --1 --2 --1 --2 --1 --2 --4 --4
  4  ---- ----14    --R --B --3 --3 --3 --1 --2 --3 --1 --1 --4
  5  ---- ----15    --A --P --3 --1 --3 --1 --4 --4 --4 --4 --4
  6  ---- ----16    --G --P --1 --1 --3 --1 --4 --4 --4 --4 --4
  7  ---- ----17    --P --P --3 --1 --2 --1 --2 --1 --2 --4 --4
  8  ---- ----18    --D --B --3 --1 --3 --1 --2 --1 --4 --4 --4
  9  ---- ----19    --P --A --2 --1 --1 --1 --2 --1 --2 --4 --4
 10  ---- ----20    --R --A --2 --1 --1 --1 --1 --1 --3 --3 --4
 11  ---- ----21    --L --A --2 --3 --1 --1 --1 --1 --4 --4 --4
 12  ---- ----22    --L --A --2 --1 --1 --1 --1 --1 --4 --4 --4
 13  ----23   23    -GG -UA -42 -41 -32 -11 -44 -44 -44 -44 -44
 14  ----24   24    -DD -AB -23 -13 -13 -11 -12 -11 -44 -44 -44
 15 25   25   25    DQQ UAA 422 411 111 111 112 113 411 444 444
 16 26   26   26    RRR AAA 222 311 111 111 111 111 212 211 444
 17 27   27   27    VVV AAA 222 111 111 111 311 444 444 444 444
 18 28   28   28    LLL AAA 222 111 111 111 212 212 444 444 444
 19 29   29   29    RQQ AAA 222 111 111 111 112 113 311 144 444
 20 30   30   30    ASS AAA 222 111 111 111 413 444 444 444 444
 21 31   31   31    MLL AAA 222 111 111 111 111 111 244 444 444
 22 32   32   32    LLL AAA 222 111 111 111 111 111 444 444 444
 23 33   33   33    KRR AAA 222 111 111 111 112 111 112 113 444
 24 34   34   34    ALL AAA 222 111 111 111 411 411 444 444 444
 25 35   35   35    EEE AAA 222 111 111 111 213 111 111 444 444
 26 36   36   36    EEE AAA 222 111 111 111 111 112 111 444 444
 27 37   37   37    TRR AAA 222 111 111 111 222 411 411 433 444
 28 38   38   38    CYY AAA 322 333 222 111 111 421 444 444 444
 29 39   39   39    AVV BBP 333 331 333 111 411 444 444 444 444
 30 40   40   40    PPP PPP 333 111 222 111 211 122 211 444 444
 31 41   41   41    SRR BAA 311 311 311 111 314 414 414 414 444
 32 42   42   42    VAA ABB 211 133 133 111 344 444 444 444 444
 33 43   43   43    SSS ABB 233 311 233 111 113 444 444 444 444
 34 44   44   44    YYY AAA 222 131 121 111 333 122 444 444 444
 35 45   45   45    FFF AAA 222 111 121 111 111 221 444 444 444
 36 46   46   46    KQQ AAA 222 333 121 111 214 114 314 144 444
 37 47   47   47    CCC AAA 222 333 111 111 113 444 444 444 444
 38 48   48   48    VVV AAA 232 333 121 111 111 444 444 444 444
 39 49   49   49    QQQ PAB 323 113 313 111 121 212 111 444 444
 40 50   50   50    KRR AAA 212 313 111 111 111 112 113 112 444
 41 51   51   51    EEE AAA 222 131 111 111 112 111 111 444 444
 42 52   52   52    VII PPP 333 111 333 111 111 411 444 444 444
 43 53   53   53    LKK BBB 333 333 333 111 111 113 411 411 444
 44 54   54   54    PPP AAA 222 111 111 111 111 222 111 444 444
 45 55   55   55    SHH AAA 222 111 111 111 132 411 444 444 444
 46 56   56   56    MMM AAA 222 111 111 111 111 111 323 444 444
 47 57   57   57    RRR AAA 222 111 111 111 222 121 111 212 444
 48 58   58   58    KKK AAA 222 111 111 111 212 111 111 311 444
 49 59   59   59    IMM AAA 222 111 111 111 112 123 411 444 444
 50 60   60   60    VLL AAA 222 111 111 111 122 422 444 444 444
 51 61   61   61    AAA AAA 222 111 111 111 444 444 444 444 444
 52 62   62   62    TYY AAA 222 111 111 111 211 422 444 444 444
 53 63   63   63    WWW AAA 222 111 111 111 222 111 444 444 444
 54 64   64   64    MMM AAA 222 111 111 111 111 111 232 444 444
 55 65   65   65    LLL AAA 222 111 111 111 222 222 444 444 444
 56 66   66   66    EEE AAA 222 111 111 111 112 113 111 444 444
 57 67   67   67    VVV AAA 222 111 111 111 111 444 444 444 444
 58 68   68   68    CCC AAA 222 111 111 111 111 444 444 444 444
 59 69   69   69    EEE AAA 222 111 111 111 111 122 111 444 444
 60 70   70   70    EEE AAA 222 111 111 111 221 331 111 444 444
 61 71   71   71    QQQ AAA 333 313 222 111 111 232 112 444 444
 62 72   72   72    KRR LLL 333 222 222 111 112 323 111 123 444
 63 73   73   73    CCC PPP 111 111 333 111 111 444 444 444 444
 64 74   74   74    EEE PPP 333 111 333 111 111 222 111 444 444
 65 75   75   75    EEE AAA 222 111 111 111 111 322 111 444 444
 66 76   76   76    EEE AAA 222 111 111 111 111 313 111 444 444
 67 77   77   77    VVV AAA 222 111 111 111 111 444 444 444 444
 68 78   78   78    FFF AAA 222 111 111 111 222 222 444 444 444
 69 79   79   79    PPP AAA 222 111 111 111 111 222 111 444 444
 70 80   80   80    LLL AAA 222 111 111 111 222 212 444 444 444
 71 81   81   81    AAA AAA 222 111 111 111 444 444 444 444 444
 72 82   82   82    MMM AAA 222 111 111 111 111 222 111 444 444
 73 83   83   83    NNN AAA 222 111 111 111 222 111 444 444 444
 74 84   84   84    YYY AAA 222 111 111 111 111 111 444 444 444
 75 85   85   85    LLL AAA 222 111 111 111 222 122 444 444 444
 76 86   86   86    DDD AAA 222 111 111 111 111 111 444 444 444
 77 87   87   87    RRR AAA 222 111 111 111 111 111 333 111 444
 78 88   88   88    FYY AAA 222 111 111 111 222 221 444 444 444
 79 89   89   89    LLL AAA 222 111 111 111 111 211 444 444 444
 80 90   90   90    SSS AAA 222 311 211 111 222 444 444 444 444
 81 91   91   91    LCC AAA 222 333 112 111 133 144 444 444 444
 82 92   92   92    EVV BBB 333 333 333 111 111 244 144 444 444
 83 93   93   93    PPP PBP 333 111 222 111 131 222 111 444 444
 84 94   94   94    VTT BPB 333 333 333 111 121 444 444 444 444
 85 95   95   95    KRR PBB 333 133 333 111 111 111 312 111 444
 86 96   96   96    KKK AAA 222 111 111 111 324 114 114 214 444
 87 97   97   97    SAA AAA 222 311 111 111 144 444 444 444 444
 88 98   98   98    RQQ AAA 222 333 222 111 111 211 312 144 444
 89 99   99   99    LLL AAA 222 111 111 111 221 221 444 444 444
 90 100  100  100   QQQ AAA 222 111 111 111 222 111 121 444 444
 91 101  101  101   LLL AAA 222 111 111 111 222 222 444 444 444
 92 102  102  102   LLL AAA 222 111 111 111 222 222 444 444 444
 93 103  103  103   GGG AAA 222 111 111 111 444 444 444 444 444
 94 104  104  104   AAA AAA 222 111 111 111 444 444 444 444 444
 95 105  105  105   TVV AAA 222 111 111 111 111 444 444 444 444
 96 106  106  106   CCC AAA 222 111 111 111 111 444 444 444 444
 97 107  107  107   MMM AAA 222 111 111 111 121 131 121 444 444
 98 108  108  108   FLL AAA 222 111 111 111 222 222 444 444 444
 99 109  109  109   VLL AAA 222 111 111 111 111 411 444 444 444
100 110  110  110   AAA AAA 222 111 111 111 444 444 444 444 444
101 111  111  111   SSS AAA 222 111 111 111 333 444 444 444 444
102 112  112  112   KKK AAA 222 111 111 111 111 111 111 111 444
103 113  113  113   MLL AAA 222 131 111 111 122 222 144 444 444
104 114  114  114   KRR AAA 222 333 121 111 121 212 121 123 444
105 115  115  115   EEE BBB 333 333 333 111 111 111 111 444 444
106 116  116  116   TTT AAA 222 111 111 111 131 444 444 444 444
107 117  117  117   ITT BBB 333 333 333 111 111 144 444 444 444
108 118  118  118   PPP PPP 311 111 222 111 212 121 212 444 444
109 119  119  119   LLL PPP 333 111 333 111 111 111 444 444 444
110 120  120  120   TTT PPB 333 113 333 111 222 444 444 444 444
111 121  121  121   AII AAA 222 111 111 111 421 411 444 444 444
112 122  122  122   EEE AAA 222 111 111 111 213 112 111 444 444
113 123  123  123   KKK AAA 222 111 111 111 211 111 211 111 444
114 124  124  124   LLL AAA 222 111 111 111 111 111 444 444 444
115 125  125  125   CCC AAA 222 111 111 111 121 444 444 444 444
116 126  126  126   III AAA 222 111 111 111 121 111 444 444 444
117 127  127  127   YYY AAA 222 113 111 111 111 121 444 444 444
118 128  128  128   TTT AAP 333 311 223 111 222 444 444 444 444
119 129  129  129   DDD LLP 113 221 223 111 123 111 444 444 444
120 130  130  130   NHH LLA 332 221 221 111 111 122 444 444 444
121 131  131  131   SAA AAA 222 111 111 111 144 444 444 444 444
122 132  132  132   IVV BBP 333 331 333 111 211 144 444 444 444
123 133  133  133   RSS BPB 333 313 333 111 111 144 144 244 444
124 134  134  134   PPP AAA 222 111 111 111 121 212 121 444 444
125 135  135  135   ERR AAA 222 111 111 111 112 311 111 411 444
126 136  136  136   EQQ AAA 222 111 111 111 111 111 111 444 444
127 137  137  137   LLL AAA 222 111 111 111 221 221 444 444 444
128 138  138  138   LRR AAA 222 111 111 111 111 111 412 413 444
129 139  139  139   QDD AAA 222 111 111 111 111 111 244 444 444
130 140  140  140   MWW AAA 222 111 111 111 111 211 344 444 444
131 141  141  141   EEE AAA 222 111 111 111 222 111 111 444 444
132 142  142  142   LVV AAA 222 111 111 111 111 144 444 444 444
133 143  143  143   LLL AAA 222 111 111 111 122 222 444 444 444
134 144  144  144   LVV AAA 222 111 111 111 211 244 444 444 444
135 145  145  145   VLL AAA 222 111 111 111 111 411 444 444 444
136 146  146  146   NGG AAA 222 111 111 111 144 144 444 444 444
137 147  147  147   KKK AAA 222 111 111 111 111 222 111 311 444
138 148  148  148   LLL AAA 333 333 222 111 111 111 444 444 444
139 149  149  149   KKK LLL 111 222 222 111 111 111 111 112 444
140 150  150  150   WWW LLL 333 222 222 111 111 111 444 444 444
141 151  151  151   NDD BBB 333 333 232 111 222 111 444 444 444
142 152  152  152   LLL AAA 222 333 111 111 111 111 444 444 444
143 153  153  153   AAA AAA 333 111 222 111 444 444 444 444 444
144 154  154  154   AAA PPP 333 111 333 111 444 444 444 444 444
145 155  155  155   MVV PBP 333 133 333 111 111 244 144 444 444
146 156  156  156   TII PPB 333 333 333 111 222 411 444 444 444
147 157  157  157   PAA AAA 222 111 111 111 144 244 144 444 444
148 158  158  158   HHH AAA 222 111 111 111 122 221 444 444 444
149 159  159  159   DDD AAA 222 111 121 111 111 111 444 444 444
150 160  160  160   FFF AAA 222 133 111 111 111 211 444 444 444
151 161  161  161   ILL AAA 222 111 111 111 112 112 444 444 444
152 162  162  162   EAA AAA 222 111 111 111 144 244 144 444 444
153 163  163  163   HFF AAA 222 111 111 111 211 221 444 444 444
154 164  164  164   FII AAA 222 111 111 111 121 111 444 444 444
155 165  165  165   LLL AAA 222 111 111 111 111 211 444 444 444
156 166  166  166   SHH AAA 222 111 111 111 112 422 444 444 444
157 167  167  167   KRR AAA 222 333 222 111 111 111 311 113 444
158 168  168  168   MLL BPB 333 333 333 111 111 111 344 444 444
159 169  169  169   PSS PAA 323 131 222 111 211 144 244 444 444
160 170  170  170   ELL BBP 333 331 333 111 112 212 144 444 444
161 171  171  171   APP PPP 333 111 322 111 421 412 421 444 444
162 172  172  172   ERR AAA 222 111 111 111 112 211 111 411 444
163 173  173  173   EDD AAA 222 111 111 111 111 311 144 444 444
164 174  174  174   NRR AAA 222 131 121 111 111 112 412 412 444
165 175  175  175   KQQ AAA 222 111 111 111 111 111 111 144 444
166 176  176  176   QAA AAA 222 111 111 111 244 344 144 444 444
167 177  177  177   ILL AAA 222 111 111 111 112 112 444 444 444
168 178  178  178   IVV AAA 222 111 111 111 111 144 444 444 444
169 179  179  179   RKK AAA 222 111 111 111 222 111 211 211 444
170 180  180  180   KKK AAA 222 111 111 111 222 111 312 312 444
171 181  181  181   HHH AAA 222 111 111 111 122 122 444 444 444
172 182  182  182   AAA AAA 222 111 111 111 444 444 444 444 444
173 183  183  183   QQQ AAA 222 111 111 111 111 111 211 444 444
174 184  184  184   TTT AAA 222 111 111 111 121 444 444 444 444
175 185  185  185   FFF AAA 222 111 111 111 111 211 444 444 444
176 186  186  186   VLL AAA 222 111 111 111 111 411 444 444 444
177 187  187  187   AAA AAA 222 111 111 111 444 444 444 444 444
178 188  188  188   LLL AAA 222 111 111 111 222 112 444 444 444
179 189  189  189   CCC AAA 222 111 111 111 111 444 444 444 444
180 190  190  190   AAA AAA 222 111 111 111 444 444 444 444 444
181 191  191  191   TTT AAA 222 111 211 111 222 444 444 444 444
182 192  192  192   DDD BBB 333 333 333 111 222 111 444 444 444
183 193  193  193   VYY AAA 222 111 111 111 222 422 444 444 444
184 194  194  194   KTT AAA 222 111 111 111 122 144 344 344 444
185 195  195  195   FFF AAA 222 133 122 111 211 221 444 444 444
186 196  196  196   IAA AAA 222 111 111 111 144 144 444 444 444
187 197  197  197   SMM AAA 222 113 112 111 211 423 412 444 444
188 198  198  198   NYY BPP 333 311 333 111 111 222 444 444 444
189 199  199  199   PPP PPP 333 111 222 111 211 122 211 444 444
190 200  200  200   PPP AAA 222 111 111 111 111 222 111 444 444
191 201  201  201   SSS AAA 222 111 111 111 111 444 444 444 444
192 202  202  202   MMM AAA 222 111 111 111 122 211 111 444 444
193 203  203  203   VII AAA 222 111 111 111 111 411 444 444 444
194 204  204  204   AAA AAA 222 111 111 111 444 444 444 444 444
195 205  205  205   ATT AAA 222 111 111 111 432 444 444 444 444
196 206  206  206   GGG AAA 222 111 111 111 444 444 444 444 444
197 207  207  207   SSS AAA 222 111 111 111 212 444 444 444 444
198 208  208  208   VII AAA 222 111 111 111 131 411 444 444 444
199 209  209  209   VGG AAA 222 111 111 111 144 444 444 444 444
200 210  210  210   AAA AAA 222 111 111 111 444 444 444 444 444
201 211  211  211   AAA AAA 222 111 111 111 444 444 444 444 444
202 212  212  212   VVV AAA 222 111 111 111 111 444 444 444 444
203 213  213  213   QQQ AAA 222 111 111 111 121 111 211 444 444
204 214  214  214   GGG AAA 222 111 122 111 444 444 444 444 444
205 215  215  215   LLL AAA 213 133 121 111 111 111 444 444 444
206 216  216  216   NGG AEE 222 122 133 112 244 144 444 444 444
207 217  220  220   LMM AEL 211 122 133 111 214 224 414 444 444
208 218   ---- ---- R-- A-- 2-- 3-- 1-- 1-- 1-- 1-- 3-- 1-- 4--
209 219   ---- ---- S-- B-- 3-- 3-- 3-- 1-- 3-- 4-- 4-- 4-- 4--
210 220   ---- ---- P-- A-- 2-- 1-- 1-- 1-- 1-- 2-- 1-- 4-- 4--
211 221   ---- ---- N-- A-- 2-- 1-- 1-- 1-- 1-- 1-- 4-- 4-- 4--
212 222   ---- ---- N-- P-- 2-- 3-- 3-- 1-- 2-- 1-- 4-- 4-- 4--
213 223   ---- ---- F-- L-- 3-- 2-- 2-- 1-- 1-- 2-- 4-- 4-- 4--
214 224   ---- ---- L-- A-- 2-- 1-- 1-- 1-- 1-- 1-- 4-- 4-- 4--
215 225  221  221   SSS APB 233 133 133 111 111 444 444 444 444
216 226  222  222   YGG AAA 222 111 111 111 344 144 444 444 444
217 227  223  223   YDD PAA 122 111 311 111 211 111 444 444 444
218 228  224  224   REE LAA 322 211 211 111 111 111 311 144 444
219 229  225  225   LLL AAA 222 111 111 111 222 212 444 444 444
220 230  226  226   TTT AAA 222 111 111 111 121 444 444 444 444
221 231  227  227   REE AAA 222 111 111 111 212 111 211 144 444
222 232  228  228   FLL AAA 222 111 111 111 212 212 444 444 444
223 233  229  229   LLL AAA 222 111 111 111 111 111 444 444 444
224 234  230  230   SAA AAA 222 111 111 111 244 444 444 444 444
225 235  231  231   RGG AAA 222 111 121 111 144 144 144 344 444
226 236  232  232   VII AAA 222 111 111 111 111 411 444 444 444
227 237  233  233   ITT AAA 333 113 122 111 122 144 444 444 444
228 238  234  234   KGG LLL 233 222 322 111 144 344 144 144 444
229 239  235  235   CTT BPP 133 313 333 111 321 444 444 444 444
230 240  236  236   DEE BPP 333 331 333 111 211 112 411 444 444
231 241  237  237   PVV AAA 222 111 111 111 211 144 244 444 444
232 242  238  238   DDD AAA 222 111 111 111 111 121 444 444 444
233 243  239  239   CCC AAA 222 111 111 111 111 444 444 444 444
234 244  240  240   LLL AAA 222 111 111 111 222 222 444 444 444
235 245  241  241   RRR AAA 222 111 111 111 212 111 212 311 444
236 246  242  242   AAA AAA 222 111 111 111 444 444 444 444 444
237 247  243  243   CCC AAA 222 111 111 111 222 444 444 444 444
238 248  244  244   QQQ AAA 222 111 111 111 222 111 111 444 444
239 249  245  245   EEE AAA 222 111 111 111 111 111 111 444 444
240 250  246  246   QQQ AAA 222 111 111 111 121 111 111 444 444
241 251  247  247   III AAA 222 111 111 111 111 111 444 444 444
242 252  248  248   EEE AAA 222 111 111 111 111 111 111 444 444
243 253  249  249   AAA AAA 222 111 111 111 444 444 444 444 444
244 254  250  250   LAA AAA 222 111 111 111 244 244 444 444 444
245 255  251  251   LLL AAA 222 111 111 111 222 222 444 444 444
246 256  252  252   ERR AAA 222 111 111 111 111 211 112 413 444
247 257  253  253   SEE AAA 242 133 122 111 211 411 411 444 444
248 258  254  254   SSS AUA 244 311 142 141 211 444 444 444 444
249 259   ----255   L-L A-U 2-4 1-1 1-4 1-4 3-3 2-2 4-4 4-4 4-4
250 260   ---- ---- R-- A-- 4-- 1-- 1-- 1-- 2-- 1-- 3-- 1-- 4--
251 261   ---- ---- Q-- U-- 4-- 1-- 4-- 4-- 1-- 1-- 2-- 4-- 4--
252  ---- ---- ---- --- --- --- --- --- --- --- --- --- --- ---
253  ---- ---- ---- --- --- --- --- --- --- --- --- --- --- ---
254  ---- ---- ---- --- --- --- --- --- --- --- --- --- --- ---
255  ---- ---- ---- --- --- --- --- --- --- --- --- --- --- ---
compare_344_> << END OF COMMAND

Sequence identity comparison (ID_TABLE):

   Diagonal       ... number of residues;
   Upper triangle ... number of identical residues;
   Lower triangle ... % sequence identity, id/min(length).

         2w96A @22w9fA @23g33B @37sj3B @2
2w96A @2      249     237     130     131
2w9fA @2      100     237     130     131
3g33B @3       57      57     229     229
7sj3B @2       54      55     100     242
openf___224_> Open           ../CCND2/CCND2family.mat


Weighted pair-group average clustering based on a distance matrix:



Dynamically allocated memory at   amaxalignment [B,KiB,MiB]:      1171742    1144.279     1.117
                                                               .--- 2w96A @2.3     0.0000
                                                               |
        .---------------------------------------------------------- 2w9fA @2.8    44.2500
        |
        |                                                      .--- 3g33B @3.0     0.0000
        |                                                      |
      .------------------------------------------------------------ 7sj3B @2.5

      +----+----+----+----+----+----+----+----+----+----+----+----+
    46.0200   38.0550   30.0900   22.1250   14.1600    6.1950   -1.7700
         42.0375   34.0725   26.1075   18.1425   10.1775    2.2125



