
                         MODELLER 10.6, 2024/10/17, r12888

     PROTEIN STRUCTURE MODELLING BY SATISFACTION OF SPATIAL RESTRAINTS


                     Copyright(c) 1989-2024 Andrej Sali
                            All Rights Reserved

                             Written by A. Sali
                               with help from
              B. Webb, M.S. Madhusudhan, M-Y. Shen, G.Q. Dong,
          M.A. Marti-Renom, N. Eswar, F. Alber, M. Topf, B. Oliva,
             A. Fiser, R. Sanchez, B. Yerkovich, A. Badretdinov,
                     F. Melo, J.P. Overington, E. Feyfant
                 University of California, San Francisco, USA
                    Rockefeller University, New York, USA
                      Harvard University, Cambridge, USA
                   Imperial Cancer Research Fund, London, UK
              Birkbeck College, University of London, London, UK


Kind, OS, HostName, Kernel, Processor: 4, Windows 10 build 26100, NITRO5-EVA, SMP, x64
Date and time of compilation         : 2024/10/17 20:35:41
MODELLER executable type             : x86_64-w64
Job starting time (YY/MM/DD HH:MM:SS): 2025/05/15 14:02:46

openf___224_> Open           $(LIB)/restyp.lib
openf___224_> Open           ${MODINSTALL10v6}/modlib/resgrp.lib
rdresgr_266_> Number of residue groups:        2
openf___224_> Open           ${MODINSTALL10v6}/modlib/sstruc.lib

Dynamically allocated memory at   amaxlibraries [B,KiB,MiB]:       191566     187.076     0.183

Dynamically allocated memory at   amaxlibraries [B,KiB,MiB]:       192094     187.592     0.183
openf___224_> Open           ${MODINSTALL10v6}/modlib/resdih.lib

Dynamically allocated memory at   amaxlibraries [B,KiB,MiB]:       240694     235.053     0.230
rdrdih__263_> Number of dihedral angle types         :        9
              Maximal number of dihedral angle optima:        3
              Dihedral angle names                   :  Alph Phi Psi Omeg chi1 chi2 chi3 chi4 chi5
openf___224_> Open           ${MODINSTALL10v6}/modlib/radii.lib

Dynamically allocated memory at   amaxlibraries [B,KiB,MiB]:       253994     248.041     0.242
openf___224_> Open           ${MODINSTALL10v6}/modlib/af_mnchdef.lib
rdwilmo_274_> Mainchain residue conformation classes:  APBLE
openf___224_> Open           ${MODINSTALL10v6}/modlib/mnch.lib
rdclass_257_> Number of classes:        5
openf___224_> Open           ${MODINSTALL10v6}/modlib/mnch1.lib
openf___224_> Open           ${MODINSTALL10v6}/modlib/mnch2.lib
openf___224_> Open           ${MODINSTALL10v6}/modlib/mnch3.lib
openf___224_> Open           ${MODINSTALL10v6}/modlib/xs4.mat
rdrrwgh_268_> Number of residue types:       21
[+] Building profile for MRGPRX2
openf___224_> Open           pdb_95.pir
readlinef__W> File: pdb_95.pir, Line: 7084
              Modeller will only read the first 4096 characters of this line.

readlinef__W> File: pdb_95.pir, Line: 7105
              Modeller will only read the first 4096 characters of this line.

readlinef__W> File: pdb_95.pir, Line: 9456
              Modeller will only read the first 4096 characters of this line.

readlinef__W> File: pdb_95.pir, Line: 11794
              Modeller will only read the first 4096 characters of this line.

readlinef__W> File: pdb_95.pir, Line: 32903
              Modeller will only read the first 4096 characters of this line.

readlinef__W> File: pdb_95.pir, Line: 36925
              No more warnings will be printed for truncated lines in this file.


Dynamically allocated memory at amaxsequence_db [B,KiB,MiB]:       571564     558.168     0.545

Dynamically allocated memory at amaxsequence_db [B,KiB,MiB]:      4772715    4660.854     4.552

Dynamically allocated memory at   amaxalignment [B,KiB,MiB]:      4774957    4663.044     4.554

Dynamically allocated memory at   amaxalignment [B,KiB,MiB]:      4776407    4664.460     4.555

Dynamically allocated memory at   amaxalignment [B,KiB,MiB]:      4779307    4667.292     4.558

Dynamically allocated memory at   amaxalignment [B,KiB,MiB]:      4785107    4672.956     4.563

Dynamically allocated memory at amaxsequence_db [B,KiB,MiB]:     20638706   20154.986    19.683

Dynamically allocated memory at   amaxalignment [B,KiB,MiB]:     20650306   20166.314    19.694

Dynamically allocated memory at   amaxalignment [B,KiB,MiB]:     20673506   20188.971    19.716

Dynamically allocated memory at   amaxalignment [B,KiB,MiB]:     20719906   20234.283    19.760

Dynamically allocated memory at   amaxalignment [B,KiB,MiB]:     20812706   20324.908    19.849

Dynamically allocated memory at amaxsequence_db [B,KiB,MiB]:     28739506   28065.924    27.408

SEQ_DATABASE_FILE         : pdb_95.pir
SEQ_DATABASE_FORMAT       : PIR
CHAINS_LIST               : ALL
CLEAN_SEQUENCES           :            T
MINMAX_DB_SEQ_LEN         :            1       40000
Number of sequences       :        79268
Number of residues        :     20470869
Length of longest sequence:         3725


SEQ_DATABASE_FILE         : pdb95.bin
SEQ_DATABASE_FORMAT       : BINARY
SEARCH_CHAINS_LIST        : ALL
Number of sequences       :        79268
Number of residues        :     20470869
Length of longest sequence:         3725


SEQ_DATABASE_FILE         : pdb95.bin
SEQ_DATABASE_FORMAT       : BINARY
CHAINS_LIST               : ALL
CLEAN_SEQUENCES           :            T
MINMAX_DB_SEQ_LEN         :            0      999999
Number of sequences       :        79268
Number of residues        :     20470869
Length of longest sequence:         3725

openf___224_> Open           ../MRGPRX2/MRGPRX2.ali

Dynamically allocated memory at   amaxalignment [B,KiB,MiB]:       573884     560.434     0.547

Dynamically allocated memory at   amaxalignment [B,KiB,MiB]:       575334     561.850     0.549

Dynamically allocated memory at   amaxalignment [B,KiB,MiB]:       578234     564.682     0.551

Dynamically allocated memory at   amaxalignment [B,KiB,MiB]:       584034     570.346     0.557

Dynamically allocated memory at    amaxsequence [B,KiB,MiB]:       585350     571.631     0.558

Read the alignment from file       : ../MRGPRX2/MRGPRX2.ali

Total number of alignment positions:   330

  #  Code        #_Res #_Segm PDB_code    Name
-------------------------------------------------------------------------------
  1    MRGPRX2     330      1     MRGPRX2

Dynamically allocated memory at     amaxprofile [B,KiB,MiB]:       587003     573.245     0.560
openf___224_> Open           ${LIB}/blosum62.sim.mat
rdrrwgh_268_> Number of residue types:       21

Dynamically allocated memory at amaxsequence_db [B,KiB,MiB]:       914080     892.656     0.872
profile_iteration_> processing sequence:       1    330      1     0.0156250     0.0156250     0.0156250     1

Dynamically allocated memory at amaxsequence_db [B,KiB,MiB]:       917018     895.525     0.875
profile_iteration_> processing sequence:    7928    330      1    12.4843750     0.0015747     0.0000060   635
profile_iteration_> processing sequence:   15855    330      1    24.7812500     0.0015630     0.0000061   640
profile_iteration_> processing sequence:   23782    330      1    36.5937500     0.0015387     0.0000060   650
profile_iteration_> processing sequence:   31709    330      1    48.7812500     0.0015384     0.0000060   650

Dynamically allocated memory at amaxsequence_db [B,KiB,MiB]:       918580     897.051     0.876
profile_iteration_> processing sequence:   39636    330      1    61.0312500     0.0015398     0.0000060   649

Dynamically allocated memory at amaxsequence_db [B,KiB,MiB]:       919956     898.395     0.877
profile_iteration_> processing sequence:   47563    330      1    73.1875000     0.0015387     0.0000060   650
profile_iteration_> processing sequence:   55490    330      1    85.2968750     0.0015372     0.0000060   651
profile_iteration_> processing sequence:   63417    330      1    97.7031250     0.0015406     0.0000060   649

Dynamically allocated memory at amaxsequence_db [B,KiB,MiB]:       920621     899.044     0.878
profile_iteration_> processing sequence:   71344    330      1   110.2031250     0.0015447     0.0000060   647

Dynamically allocated memory at amaxsequence_db [B,KiB,MiB]:       925249     903.563     0.882
 AVERAGE RESIDUAL STANDARD ERROR:    25.96156
 AVERAGE RESIDUAL STANDARD DEVIATION:    212.9979
profile_660_> Quality of the fit between observed/expected score distributions.
              [Iteration, Chi2, nbins, KS-Stat, nscores ] =        1,        0.0280,      121,        0.0093,    79268

HISTOGRAM OF Z-SCORES:

Z:         1  -3.95000   0.00000   0.00000
Z:         1  -3.85000   0.00000   0.00000
Z:         1  -3.75000   0.00000   0.00000
Z:         1  -3.65000   0.00013   0.00000
Z:         1  -3.55000   0.00000   0.00000
Z:         1  -3.45000   0.00000   0.00000
Z:         1  -3.35000   0.00000   0.00000
Z:         1  -3.25000   0.00000   0.00000
Z:         1  -3.15000   0.00000   0.00000
Z:         1  -3.05000   0.00000   0.00000
Z:         1  -2.95000   0.00013   0.00000
Z:         1  -2.85000   0.00025   0.00000
Z:         1  -2.75000   0.00000   0.00000
Z:         1  -2.65000   0.00025   0.00000
Z:         1  -2.55000   0.00038   0.00001
Z:         1  -2.45000   0.00025   0.00004
Z:         1  -2.35000   0.00126   0.00016
Z:         1  -2.25000   0.00177   0.00055
Z:         1  -2.15000   0.00189   0.00163
Z:         1  -2.05000   0.00517   0.00416
Z:         1  -1.95000   0.00997   0.00933
Z:         1  -1.85000   0.02258   0.01872
Z:         1  -1.75000   0.03482   0.03400
Z:         1  -1.65000   0.06610   0.05658
Z:         1  -1.55000   0.08604   0.08721
Z:         1  -1.45000   0.12880   0.12565
Z:         1  -1.35000   0.16022   0.17059
Z:         1  -1.25000   0.22380   0.21981
Z:         1  -1.15000   0.26530   0.27052
Z:         1  -1.05000   0.30491   0.31973
Z:         1  -0.95000   0.36572   0.36469
Z:         1  -0.85000   0.38338   0.40316
Z:         1  -0.75000   0.41568   0.43360
Z:         1  -0.65000   0.41997   0.45519
Z:         1  -0.55000   0.50399   0.46779
Z:         1  -0.45000   0.44785   0.47182
Z:         1  -0.35000   0.53780   0.46811
Z:         1  -0.25000   0.44974   0.45775
Z:         1  -0.15000   0.42653   0.44196
Z:         1  -0.05000   0.42993   0.42194
Z:         1   0.05000   0.38263   0.39889
Z:         1   0.15000   0.39373   0.37383
Z:         1   0.25000   0.33948   0.34769
Z:         1   0.35000   0.33645   0.32121
Z:         1   0.45000   0.27199   0.29500
Z:         1   0.55000   0.26303   0.26953
Z:         1   0.65000   0.25445   0.24513
Z:         1   0.75000   0.19920   0.22205
Z:         1   0.85000   0.20765   0.20043
Z:         1   0.95000   0.17245   0.18036
Z:         1   1.05000   0.15580   0.16185
Z:         1   1.15000   0.15164   0.14489
Z:         1   1.25000   0.13070   0.12944
Z:         1   1.35000   0.12250   0.11542
Z:         1   1.45000   0.09537   0.10275
Z:         1   1.55000   0.09108   0.09133
Z:         1   1.65000   0.07456   0.08109
Z:         1   1.75000   0.07166   0.07191
Z:         1   1.85000   0.07115   0.06371
Z:         1   1.95000   0.05652   0.05639
Z:         1   2.05000   0.05134   0.04988
Z:         1   2.15000   0.04378   0.04409
Z:         1   2.25000   0.03936   0.03895
Z:         1   2.35000   0.03280   0.03439
Z:         1   2.45000   0.03028   0.03035
Z:         1   2.55000   0.02599   0.02678
Z:         1   2.65000   0.02372   0.02361
Z:         1   2.75000   0.02309   0.02082
Z:         1   2.85000   0.01653   0.01835
Z:         1   2.95000   0.01829   0.01617
Z:         1   3.05000   0.01476   0.01424
Z:         1   3.15000   0.01034   0.01255
Z:         1   3.25000   0.01161   0.01105
Z:         1   3.35000   0.00908   0.00973
Z:         1   3.45000   0.00870   0.00857
Z:         1   3.55000   0.00669   0.00754
Z:         1   3.65000   0.00795   0.00664
Z:         1   3.75000   0.00681   0.00584
Z:         1   3.85000   0.00517   0.00514
Z:         1   3.95000   0.00492   0.00453
Z:         1   4.05000   0.00618   0.00398
Z:         1   4.15000   0.00479   0.00350
Z:         1   4.25000   0.00366   0.00308
Z:         1   4.35000   0.00227   0.00271
Z:         1   4.45000   0.00341   0.00239
Z:         1   4.55000   0.00227   0.00210
Z:         1   4.65000   0.00341   0.00185
Z:         1   4.75000   0.00240   0.00163
Z:         1   4.85000   0.00076   0.00143
Z:         1   4.95000   0.00353   0.00126
Z:         1   5.05000   0.00227   0.00111
Z:         1   5.15000   0.00252   0.00097
Z:         1   5.25000   0.00101   0.00086
Z:         1   5.35000   0.00076   0.00075
Z:         1   5.45000   0.00050   0.00066
Z:         1   5.55000   0.00101   0.00058
Z:         1   5.65000   0.00114   0.00051
Z:         1   5.75000   0.00063   0.00045
Z:         1   5.85000   0.00063   0.00040
Z:         1   5.95000   0.00063   0.00035
Z:         1   6.05000   0.00038   0.00031
Z:         1   6.15000   0.00076   0.00027
Z:         1   6.25000   0.00088   0.00024
Z:         1   6.35000   0.00063   0.00021
Z:         1   6.45000   0.00063   0.00018
Z:         1   6.55000   0.00063   0.00016
Z:         1   6.65000   0.00038   0.00014
Z:         1   6.75000   0.00038   0.00013
Z:         1   6.85000   0.00025   0.00011
Z:         1   6.95000   0.00013   0.00010
Z:         1   7.05000   0.00025   0.00009
Z:         1   7.15000   0.00025   0.00007
Z:         1   7.25000   0.00038   0.00007
Z:         1   7.35000   0.00013   0.00006
Z:         1   7.45000   0.00013   0.00005
Z:         1   7.55000   0.00038   0.00004
Z:         1   7.65000   0.00013   0.00004
Z:         1   7.75000   0.00000   0.00003
Z:         1   7.85000   0.00013   0.00003
Z:         1   7.95000   0.00025   0.00003
Z:         1   8.05000   0.00013   0.00002

HITS FOUND IN ITERATION:     1


Dynamically allocated memory at     amaxprofile [B,KiB,MiB]:      1206249    1177.978     1.150
> 4amjA                      1     970    5750     287     330   23.88    0.38E-06       2   226    36   290    16   283
> 4dajA                      1    1637    5650     429     330   32.28    0.11E-05       3   114    35   160     9   135
> 7f1tA                      1    3467    4800     423     330   25.14    0.18E-03       4   171    31   213    93   275
> 4ntjA                      1    3533    4800     369     330   27.33    0.16E-03       5   149    29   199    10   170
> 6me6B                      1    3579    4950     394     330   23.77    0.68E-04       6   251    36   290   122   386
> 7k15A                      1    3987    5600     455     330   29.55    0.16E-05       7   125    30   161     6   137
> 6k1qA                      1    4012    4350     410     330   36.36    0.26E-02       8    59   224   282   331   396
> 6tpkA                      1    5018    5350     460     330   25.88    0.73E-05       9   236    32   283     7   261
> 3kj6A                      1    5662    4750     222     330   24.88    0.12E-03      10   194    40   286     9   209
> 4zudA                      1    6898    6300     376     330   26.24    0.19E-07      11   245    13   281    95   376
> 6lw5A                      1    7553    9800     427     330   25.87     0.0          12   249    31   288   132   417
> 5lweA                      1    7641    6250     275     330   24.10    0.18E-07      13   233    31   287     8   256
> 6os0A                      1    8159    6750     395     330   31.06    0.13E-08      14   123    31   162    22   153
> 6os2A                      1    8210    6750     380     330   31.06    0.13E-08      15   123    31   162    20   151
> 7m8wA                      1    9248    8450     436     330   34.29     0.0          16   133    12   162    23   162
> 6kuwA                      1   12078    4500     474     330   30.65    0.13E-02      17   115    35   161    20   143
> 2lnlA                      1   12241    8000     296     330   29.03     0.0          18   247    29   286     7   285
> 5kw2A                      1   13557    4150     411     330   27.07    0.88E-02      19   128    38   168     9   141
> 5vblB                      1   13840    6600     353     330   24.24    0.29E-08      20   249    31   287    12   341
> 4uhrA                      1   13933    5250     310     330   24.73    0.85E-05      21   241    38   290     9   291
> 3sn6R                      1   14155    4750     443     330   21.29    0.26E-03      22   237    40   286   173   435
> 5wb2A                      1   14988    8450     419     330   26.03     0.0          23   271    33   320    18   309
> 4n6hA                      1   15563    7550     408     330   25.00    0.88E-11      24   239    40   290   129   400
> 6jodA                      1   15739    6750     306     330   24.73    0.10E-08      25   246    32   295    13   295
> 7jozR                      1   15742    6050     446     330   25.45    0.10E-06      26   246    31   287   165   439
> 6do1A                      1   16551    8500     304     330   26.69     0.0          27   252    31   292    22   302
> 3oduA                      1   18824    6250     466     330   30.86    0.33E-07      28   165    34   211    18   192
> 5zkqA                      1   18907    7000     279     330   27.07    0.20E-09      29   241    30   282    13   278
> 5zkqB                      1   18908    5200     399     330   29.63    0.15E-04      30   129    30   164    10   144
> 5zkpA                      1   18981    4450     436     330   30.56    0.15E-02      31    99    30   135    11   118
> 6wjcA                      1   19703    4150     445     330   26.23    0.96E-02      32   119    40   160    19   140
> 5nm4A                      1   19997    4300     382     330   24.19    0.33E-02      33   123    38   162    15   138
> 7zl9A                      1   21109    8100     398     330   24.34     0.0          34   246    29   281    18   284
> 7zlyA                      1   21124    5200     394     330   27.81    0.15E-04      35   178    29   214    18   204
> 3oe0A                      1   23332    5900     433     330   30.99    0.25E-06      36   162    34   211    20   190
> 3oe8B                      1   23364    6600     426     330   30.85    0.36E-08      37   191    34   254    15   215
> 3oe9B                      1   23365    6100     415     330   31.58    0.71E-07      38   162    34   211    10   180
> 6kp6A                      1   23776    4450     477     330   25.41    0.17E-02      39   119    40   160    14   135
> 6igkA                      1   24258    4350     471     330   36.36    0.31E-02      40    59   224   282   392   457
> 5x33A                      1   26055    5250     439     330   31.11    0.13E-04      41   124    30   161     3   137
> 5ztyA                      1   27080    4750     449     330   26.06    0.26E-03      42   133    23   163     8   149
> 6qzhA                      1   27234    5900     744     330   30.66    0.45E-06      43   135    28   174     6   142
> 4pxzA                      1   27457    4650     392     330   25.70    0.41E-03      44   153    29   199    11   189
> 8gngX                      1   27763    5900     285     330   23.48    0.15E-06      45   250    38   290    10   273
> 4mqsA                      1   28456    4600     277     330   21.98    0.38E-03      46   254    29   290     1   273
> 3p0gA                      1   29229    5100     284     330   22.92    0.19E-04      47   235    40   286    21   273
> 6tosA                      1   29884    5300     302     330   25.64    0.61E-05      48   247    31   290    23   295
> 6todA                      1   29900    4950     301     330   25.26    0.50E-04      49   248    31   290     5   293
> 6todB                      1   29901    5900     311     330   25.54    0.17E-06      50   249    31   290    21   298
> 4dklA                      1   30400    5900     442     330   28.49    0.25E-06      51   176    36   221    10   195
> 5ywyA                      1   30533    4300     280     330   22.12    0.23E-02      52   204    33   245     3   228
> 6bqhA                      1   31143    4250     351     330   24.24    0.40E-02      53   123    33   162    11   142
> 4u15A                      1   31416    5650     391     330   32.28    0.99E-06      54   114    35   160    10   136
> 4u16A                      1   31417    5650     381     330   32.28    0.97E-06      55   114    35   160    10   136
> 6hlpA                      1   35319    4800     483     330   25.98    0.21E-03      56   119    40   167    16   142
> 6hllA                      1   35321    4800     469     330   25.98    0.20E-03      57   119    40   167    16   142
> 6ps2A                      1   35597    4150     443     330   23.20    0.96E-02      58   117    40   163    16   140
> 5t1aA                      1   37536    5250     444     330   25.41    0.13E-04      59   168    27   204     5   189
> 6pt2A                      1   37649    7700     397     330   25.34    0.88E-11      60   258    13   282    98   389
> 6pt2B                      1   37650    7750     361     330   23.97     0.0          61   239    40   290    92   358
> 6lflA                      1   38023    6150     471     330   28.16    0.60E-07      62   165    34   211     7   180
> 5unfA                      1   39983    6050     386     330   24.19    0.88E-07      63   248    32   295   105   381
> 5unfB                      1   39984    6550     399     330   25.00    0.45E-08      64   244    32   295   123   394
> 5ungB                      1   39985    6800     410     330   25.09    0.10E-08      65   254    32   295   123   405
> 5unhB                      1   39986    6000     372     330   24.44    0.11E-06      66   239    32   295   104   369
> 6ko5A                      1   40331    6100     398     330   24.14    0.67E-07      67   231    42   279   122   382
> 6gpxA                      1   40437    5050     324     330   25.99    0.30E-04      68   159    27   203     6   182
> 6gpxB                      1   40438    6250     263     330   26.07    0.17E-07      69   234    27   282     7   263
> 7xrrA                      1   43383    5250     309     330   23.49    0.85E-05      70   245    31   290    21   301
> 5dhgA                      1   43940    6200     281     330   27.24    0.25E-07      71   237    28   282     5   272
> 5dhgB                      1   43941    6800     379     330   29.17    0.94E-09      72   240    21   282   105   368
> 5xjmA                      1   44260    4400     375     330   25.38    0.18E-02      73   129    32   162    13   142
> 6iblA                      1   46507    5250     397     330   21.95    0.11E-04      74   236    29   290   107   393
> 6ibbA                      1   46539    5150     301     330   23.90    0.15E-04      75   252    42   305    26   297
> 6akxA                      1   47610    4550     339     330   24.59    0.64E-03      76   171    31   213    12   194
> 6ak3B                      1   47675    7350     272     330   26.34    0.26E-10      77   245    26   282     1   262
> 4yayA                      1   48884    8400     393     330   27.61     0.0          78   261    13   292    95   391
> 4ej4A                      1   49740    4150     442     330   26.27    0.95E-02      79   109    40   157    19   136
> 5n2sA                      1   49830    4750     383     330   25.38    0.22E-03      80   228    38   281   115   378
> 6b73A                      1   50543    9150     281     330   27.20     0.0          81   237    34   282    15   275
> 6b73B                      1   50544    9250     269     330   28.79     0.0          82   230    34   282    12   268
> 5jqhA                      1   50618    4750     391     330   22.31    0.22E-03      83   237    40   286   122   381
> 5jqhB                      1   50619    4950     402     330   22.61    0.69E-04      84   237    40   286   131   391
> 6rnkA                      1   51810    4850     285     330   22.80    0.86E-04      85   231    42   283    25   274
> 5nddA                      1   55247    5400     567     330   28.57    0.68E-05      86   129    24   162   176   315
> 5ndzA                      1   55297    5400     556     330   28.57    0.66E-05      87   129    24   162   165   304
> 6e67A                      1   55463    4250     457     330   23.20    0.54E-02      88   117    40   163    15   139
> 6e67B                      1   55464    4250     476     330   23.20    0.57E-02      89   117    40   163    34   158
> 6ol9A                      1   55623    4550     416     330   25.41    0.80E-03      90   119    40   160    15   136
> 5uiwA                      1   55680    4550     352     330   24.59    0.66E-03      91   171    31   213    18   200
> 2ks9A                      1   56124    5700     363     330   23.86    0.68E-06      92   225    40   279    41   304
> 4buoA                      1   56482    5950     304     330   26.92    0.12E-06      93   246    28   287    13   298
> 4xnvA                      1   56762    5250     340     330   22.98    0.94E-05      94   242    34   288    19   340
> 7xn9A                      1   56805    5150     476     330   25.00    0.25E-04      95   169    35   211    12   191
> 4ldeA                      1   57505    4750     454     330   22.31    0.27E-03      96   237    40   286   186   445
> 5xszA                      1   58969    6150     448     330   22.28    0.57E-07      97   173    34   220    11   194
> 4bv0A                      1   59834    7700     297     330   26.45     0.0          98   249    28   287    13   288
> 4bvnA                      1   59866    5000     289     330   23.36    0.35E-04      99   229    36   290    12   285
> 7bvqA                      1   59875    5200     455     330   23.62    0.18E-04     100   242    36   290   181   451
> 8jwyA                      1   61330    4200     448     330   24.88    0.72E-02     101   201    38   254    12   220
> 5iu4A                      1   61595    4300     388     330   24.19    0.33E-02     102   123    38   162    16   139
> 2vt4A                      1   61727    5750     274     330   24.33    0.37E-06     103   227    36   290     8   270
> 2vt4C                      1   61728    5300     263     330   24.21    0.52E-05     104   216    36   279     9   260
> 6m9tA                      1   63847    5000     444     330   26.70    0.57E-04     105   179    26   211     2   192
> 4grvA                      1   64492    4200     454     330   29.63    0.73E-02     106   121    28   162    13   147
> 5o9hA                      1   67985    8450     294     330   25.28     0.0         107   241    34   287    13   277
> 5nj6A                      1   68270    5400     401     330   28.57    0.46E-05     108   129    24   162    10   149
> 3vw7A                      1   70092    5450     442     330   26.05    0.38E-05     109   119    34   158    18   136
> 5x93A                      1   70556    4350     430     330   36.36    0.28E-02     110    59   224   282   350   415
> 5glhA                      1   71895    4350     452     330   36.36    0.29E-02     111    59   224   282   375   440
> 6c1rB                      1   72083    8350     370     330   27.91     0.0         112   235    34   283    95   352
> 5c1mA                      1   72137    7900     295     330   27.07     0.0         113   237    36   282    22   287
> 4xt1A                      1   73080    7900     291     330   25.86     0.0         114   240    33   288    20   282
> 4ea3B                      1   73882    7150     376     330   29.41    0.11E-09     115   248    13   282    94   365
> 5dsgA                      1   74692    4500     392     330   25.00    0.10E-02     116   130    29   160     9   144

Dynamically allocated memory at amaxsequence_db [B,KiB,MiB]:      1208896    1180.562     1.153
> 4djhA                      1   75843    6850     447     330   27.98    0.84E-09     117   196    34   254    11   228
> 6rz6A                      1   75920    4700     365     330   33.33    0.28E-03     118    70   224   297   291   365
> 6rz5A                      1   75933    6450     369     330   28.35    0.75E-08     119   119    36   161    16   142
> 6rz5B                      1   75934    6450     385     330   28.35    0.79E-08     120   119    36   161    16   142
> 4ug2A                      1   76575    5350     292     330   25.82    0.44E-05     121   241    38   290     9   283
> 4ug2B                      1   76576    5600     276     330   25.86    0.91E-06     122   241    38   290     9   271
> 6j20A                      1   78899    5050     398     330   29.92    0.38E-04     123   114    40   167    18   144
> 4xesA                      1   78977    5250     471     330   24.92    0.14E-04     124   257    28   298    16   312

profile_iteration__> Weight Matrix           [sec]:     0.015625
profile_iteration__> Score Collection        [sec]:   122.718750
profile_iteration__> Score Collection/Seq    [sec]:     0.001548
profile_iteration__> DP Steps per sec    [ali/sec]:   646.673279
profile_iteration__> Statistics              [sec]:     0.234375
profile_iteration__> Add to profile          [sec]:     0.703125
profile_iteration__> Overall performance    [/seq]:     0.001562
profile_iteration__> Overall performance [seq/sec]:   640.387756
profile_iteration_> processing sequence:       1    330    124     0.0468750     0.0468750     0.0468750     1
profile_iteration_> processing sequence:    7928    330    124    13.3281250     0.0016811     0.0000064   595
profile_iteration_> processing sequence:   15855    330    124    26.2812500     0.0016576     0.0000064   603
profile_iteration_> processing sequence:   23782    330    124    39.2812500     0.0016517     0.0000064   605
profile_iteration_> processing sequence:   31709    330    124    52.5781250     0.0016581     0.0000065   603
profile_iteration_> processing sequence:   39636    330    124    65.8437500     0.0016612     0.0000065   602
profile_iteration_> processing sequence:   47563    330    124    78.9375000     0.0016596     0.0000065   603
profile_iteration_> processing sequence:   55490    330    124    92.3750000     0.0016647     0.0000065   601
profile_iteration_> processing sequence:   63417    330    124   105.4218750     0.0016624     0.0000065   602
profile_iteration_> processing sequence:   71344    330    124   118.6093750     0.0016625     0.0000065   602
 AVERAGE RESIDUAL STANDARD ERROR:    48.32338
 AVERAGE RESIDUAL STANDARD DEVIATION:    234.7593
profile_660_> Quality of the fit between observed/expected score distributions.
              [Iteration, Chi2, nbins, KS-Stat, nscores ] =        2,        0.3317,      121,        0.0520,    79268

HISTOGRAM OF Z-SCORES:

Z:         2  -3.95000   0.00000   0.00000
Z:         2  -3.85000   0.00000   0.00000
Z:         2  -3.75000   0.00000   0.00000
Z:         2  -3.65000   0.00000   0.00000
Z:         2  -3.55000   0.00000   0.00000
Z:         2  -3.45000   0.00000   0.00000
Z:         2  -3.35000   0.00000   0.00000
Z:         2  -3.25000   0.00000   0.00000
Z:         2  -3.15000   0.00000   0.00000
Z:         2  -3.05000   0.00000   0.00000
Z:         2  -2.95000   0.00000   0.00000
Z:         2  -2.85000   0.00000   0.00000
Z:         2  -2.75000   0.00000   0.00000
Z:         2  -2.65000   0.00000   0.00000
Z:         2  -2.55000   0.00013   0.00001
Z:         2  -2.45000   0.00013   0.00004
Z:         2  -2.35000   0.00013   0.00016
Z:         2  -2.25000   0.00038   0.00055
Z:         2  -2.15000   0.00013   0.00163
Z:         2  -2.05000   0.00050   0.00416
Z:         2  -1.95000   0.00189   0.00933
Z:         2  -1.85000   0.00315   0.01872
Z:         2  -1.75000   0.00757   0.03400
Z:         2  -1.65000   0.01678   0.05658
Z:         2  -1.55000   0.04075   0.08721
Z:         2  -1.45000   0.06446   0.12565
Z:         2  -1.35000   0.10433   0.17059
Z:         2  -1.25000   0.14483   0.21981
Z:         2  -1.15000   0.21131   0.27052
Z:         2  -1.05000   0.26114   0.31973
Z:         2  -0.95000   0.33216   0.36469
Z:         2  -0.85000   0.38565   0.40316
Z:         2  -0.75000   0.43977   0.43360
Z:         2  -0.65000   0.46854   0.45519
Z:         2  -0.55000   0.49364   0.46779
Z:         2  -0.45000   0.51042   0.47182
Z:         2  -0.35000   0.50878   0.46811
Z:         2  -0.25000   0.50235   0.45775
Z:         2  -0.15000   0.49377   0.44196
Z:         2  -0.05000   0.46223   0.42194
Z:         2   0.05000   0.45012   0.39889
Z:         2   0.15000   0.39423   0.37383
Z:         2   0.25000   0.36143   0.34769
Z:         2   0.35000   0.32977   0.32121
Z:         2   0.45000   0.29608   0.29500
Z:         2   0.55000   0.26076   0.26953
Z:         2   0.65000   0.24234   0.24513
Z:         2   0.75000   0.22443   0.22205
Z:         2   0.85000   0.19289   0.20043
Z:         2   0.95000   0.16943   0.18036
Z:         2   1.05000   0.15303   0.16185
Z:         2   1.15000   0.13650   0.14489
Z:         2   1.25000   0.12313   0.12944
Z:         2   1.35000   0.10382   0.11542
Z:         2   1.45000   0.09512   0.10275
Z:         2   1.55000   0.07607   0.09133
Z:         2   1.65000   0.06737   0.08109
Z:         2   1.75000   0.12704   0.07191
Z:         2   1.85000   0.06623   0.06371
Z:         2   1.95000   0.05954   0.05639
Z:         2   2.05000   0.04264   0.04988
Z:         2   2.15000   0.03974   0.04409
Z:         2   2.25000   0.03368   0.03895
Z:         2   2.35000   0.03356   0.03439
Z:         2   2.45000   0.02447   0.03035
Z:         2   2.55000   0.02157   0.02678
Z:         2   2.65000   0.01854   0.02361
Z:         2   2.75000   0.01880   0.02082
Z:         2   2.85000   0.01451   0.01835
Z:         2   2.95000   0.01627   0.01617
Z:         2   3.05000   0.01451   0.01424
Z:         2   3.15000   0.01148   0.01255
Z:         2   3.25000   0.02422   0.01105
Z:         2   3.35000   0.00946   0.00973
Z:         2   3.45000   0.00971   0.00857
Z:         2   3.55000   0.00934   0.00754
Z:         2   3.65000   0.00782   0.00664
Z:         2   3.75000   0.01047   0.00584
Z:         2   3.85000   0.00946   0.00514
Z:         2   3.95000   0.00669   0.00453
Z:         2   4.05000   0.00593   0.00398
Z:         2   4.15000   0.00706   0.00350
Z:         2   4.25000   0.00643   0.00308
Z:         2   4.35000   0.00378   0.00271
Z:         2   4.45000   0.00719   0.00239
Z:         2   4.55000   0.01173   0.00210
Z:         2   4.65000   0.01009   0.00185
Z:         2   4.75000   0.01022   0.00163
Z:         2   4.85000   0.00694   0.00143
Z:         2   4.95000   0.01716   0.00126
Z:         2   5.05000   0.00618   0.00111
Z:         2   5.15000   0.00681   0.00097
Z:         2   5.25000   0.00517   0.00086
Z:         2   5.35000   0.01602   0.00075
Z:         2   5.45000   0.00542   0.00066
Z:         2   5.55000   0.00858   0.00058
Z:         2   5.65000   0.00391   0.00051
Z:         2   5.75000   0.00542   0.00045
Z:         2   5.85000   0.00303   0.00040
Z:         2   5.95000   0.01489   0.00035
Z:         2   6.05000   0.01867   0.00031
Z:         2   6.15000   0.00505   0.00027
Z:         2   6.25000   0.00593   0.00024
Z:         2   6.35000   0.00378   0.00021
Z:         2   6.45000   0.00303   0.00018
Z:         2   6.55000   0.00101   0.00016
Z:         2   6.65000   0.00063   0.00014
Z:         2   6.75000   0.00151   0.00013
Z:         2   6.85000   0.00353   0.00011
Z:         2   6.95000   0.00050   0.00010
Z:         2   7.05000   0.00139   0.00009
Z:         2   7.15000   0.00063   0.00007
Z:         2   7.25000   0.00101   0.00007
Z:         2   7.35000   0.00050   0.00006
Z:         2   7.45000   0.00013   0.00005
Z:         2   7.55000   0.00038   0.00004
Z:         2   7.65000   0.00038   0.00004
Z:         2   7.75000   0.00063   0.00003
Z:         2   7.85000   0.00025   0.00003
Z:         2   7.95000   0.00025   0.00003
Z:         2   8.05000   0.00038   0.00002
profile_658_> Percentage of alignments from previous iterations still significant, [iter, perc]:        2,       99.1936

HITS FOUND IN ITERATION:     2

> 7br3A                      2     353    7619     470     330   18.52    0.18E-09     125   184    23   222    14   202
> 4z35A                      2    1359    8717     382     330   15.27     0.0         126   247    36   287    33   379
> 6iqlA                      2    1953   13921     341     330   13.91     0.0         127   240    33   286     2   339
> 5w0pA                      2    2946   12912     847     330   16.26     0.0         128   263    18   290   186   474
> 5w0pB                      2    2947   12912     802     330   16.26     0.0         129   263    18   290   142   430
> 5w0pD                      2    2948   12912     773     330   16.26     0.0         130   263    18   290   112   400
> 6me6A                      2    3578   20466     448     330   18.55     0.0         131   274    13   290    96   440
> 6me2A                      2    3635   12325     484     330   19.89     0.0         132   175    36   214    12   187
> 6tpjA                      2    4967   15420     498     330   20.10     0.0         133   178    25   209     2   195
> 4zwjA                      2    5079   12912     833     330   16.26     0.0         134   263    18   290   186   474
> 4zwjB                      2    5080   12912     673     330   16.26     0.0         135   263    18   290    26   314
> 4zwjC                      2    5081   12912     789     330   16.26     0.0         136   263    18   290   142   430
> 6kuxA                      2   12065   16406     375     330   13.78     0.0         137   261    26   290     1   370
> 1ln6A                      2   12199   13469     309     330   17.09     0.0         138   248    32   290     1   275
> 7w41A                      2   12391    9847     484     330   21.05     0.0         139   150    30   183     5   156
> 5u09A                      2   12670   10670     478     330   20.51     0.0         140   184    19   205     6   200
> 7yxaA                      2   12979    7197     375     330   17.03    0.15E-08     141   233    34   279    35   357
> 3uonA                      2   17928   17926     438     330   20.70     0.0         142   214    29   270     3   229
> 7ddzA                      2   18575   11925     437     330   18.38     0.0         143   135    31   167     4   139
> 6cm4A                      2   18707   14366     423     330   19.81     0.0         144   207    34   270     4   215
> 5zkcA                      2   18906   19492     384     330   14.52     0.0         145   259    29   290     7   378
> 5zk8A                      2   18980   20384     369     330   14.76     0.0         146   259    29   290     5   363
> 2ziyA                      2   19027   12509     370     330   16.67     0.0         147   252    33   288    29   322
> 8a6cA                      2   19786   13839     304     330   17.83     0.0         148   245    31   290    39   296
> 6i9kA                      2   21843   11660     310     330   17.22     0.0         149   239    36   282    37   309
> 5tgzA                      2   22927   10802     439     330   19.90     0.0         150   197    19   218    10   215
> 5tvnA                      2   23969   13701     393     330   13.32     0.0         151   256    33   289    17   384
> 3v2yA                      2   26155    9337     455     330   19.11     0.0         152   222    18   270    16   240
> 3v2wA                      2   26184    9378     442     330   18.89     0.0         153   214    26   270    16   232
> 6kqiA                      2   26929   10553     473     330   20.83     0.0         154   201    19   222     5   220
> 6li0A                      2   28629   11871     441     330   17.20     0.0         155   182    36   246    26   211
> 6li2A                      2   28635   12846     347     330   15.74     0.0         156   246    36   291    24   328
> 4zj8A                      2   29778   16641     503     330   19.40     0.0         157   181    30   216    23   223
> 6bqgA                      2   31091   15245     378     330   14.80     0.0         158   252    33   289    14   371
> 1u19A                      2   31410   13565     348     330   17.03     0.0         159   249    31   290    39   314
> 1hllA                      2   35248    4819      32     330   21.88    0.81E-04     160    32   114   145     1    32
> 6fufA                      2   36981   13198     316     330   16.67     0.0         161   249    31   290    38   313
> 7f61A                      2   39178   16389     301     330   20.35     0.0         162   258    30   289     8   292
> 4x1hA                      2   42596   13565     326     330   17.03     0.0         163   249    31   290    39   314
> 5xraA                      2   43339   10802     428     330   19.90     0.0         164   197    19   218     2   207
> 2i37A                      2   43791   13887     317     330   16.99     0.0         165   241    31   279    39   297
> 6wgtA                      2   44144   13472     377     330   17.58     0.0         166   174    34   213     7   188
> 6wgtB                      2   44145   13649     358     330   14.50     0.0         167   245    34   290     9   346
> 5zbhA                      2   45678   11143     461     330   17.77     0.0         168   218    19   270     1   242
> 5zbqA                      2   45732   17316     463     330   17.39     0.0         169   271    18   298    13   311
> 4ib4A                      2   46544   14308     375     330   12.89     0.0         170   256    33   289    10   366
> 2z73A                      2   51040   12509     350     330   16.67     0.0         171   252    33   288    24   317
> 5uenA                      2   53190   14956     384     330   16.95     0.0         172   241    38   289    14   367
> 5v54A                      2   57211   16797     382     330   14.17     0.0         173   273    17   302     1   381
> 7f8yA                      2   57737   14019     438     330   18.72     0.0         174   225    28   270     1   235
> 7f83A                      2   57759   13959     396     330   13.94     0.0         175   246    36   287    15   387
> 6kr8A                      2   58424   26320     312     330   18.67     0.0         176   246    35   290     9   308
> 8c9wA                      2   58905   19888     387     330   16.80     0.0         177   254    34   290    12   380
> 7bvhA                      2   59800    4710    1035     330   25.41    0.27E-02     178   119    38   159   569   690
> 7dfpA                      2   60665   16312     335     330   16.82     0.0         179   246    34   289     4   330
> 5wiuA                      2   61624   14348     373     330   13.24     0.0         180   254    33   290     2   371
> 6zfzA                      2   61994   16705     446     330   18.50     0.0         181   224    29   270     5   231
> 7um4A                      2   62152   15984     254     330   21.12     0.0         182   239    31   279     1   251
> 7wc8A                      2   65387   13955     360     330   14.75     0.0         183   245    34   290     9   347
> 7wc9A                      2   65411   13765     358     330   14.50     0.0         184   244    34   290     8   345
> 4iaqA                      2   66641   17217     367     330   14.44     0.0         185   271    17   302     1   367
> 4iarA                      2   66649   16624     379     330   14.51     0.0         186   273    17   302     1   379
> 6iiuA                      2   68745   10541     460     330   22.35     0.0         187   165    13   180    96   274
> 5tzrA                      2   73494   11039     437     330   19.03     0.0         188   211    36   270    10   235
> 5tzyA                      2   73531   12072     418     330   18.78     0.0         189   199    36   240    10   222
> 6w25A                      2   74469    9717     467     330   16.95     0.0         190   173    29   209     1   177
> 7c4sA                      2   75061   12613     282     330   23.05     0.0         191   253    30   292    27   282
> 5wqcA                      2   75302   17396     499     330   20.53     0.0         192   177    25   207    10   199
> 3rzeA                      2   75937   14854     428     330   20.18     0.0         193   217    31   270     1   218

Dynamically allocated memory at amaxsequence_db [B,KiB,MiB]:      1209718    1181.365     1.154
> 3pblA                      2   76169   14865     432     330   20.45     0.0         194   207    34   270     2   221
> 4s0vA                      2   78551   16273     478     330   19.89     0.0         195   168    30   207     7   182

profile_iteration__> Weight Matrix           [sec]:     0.046875
profile_iteration__> Score Collection        [sec]:   132.031250
profile_iteration__> Score Collection/Seq    [sec]:     0.001666
profile_iteration__> DP Steps per sec    [ali/sec]:   601.369385
profile_iteration__> Statistics              [sec]:     0.250000
profile_iteration__> Add to profile          [sec]:     0.437500
profile_iteration__> Overall performance    [/seq]:     0.001676
profile_iteration__> Overall performance [seq/sec]:   596.630859
profile_iteration_> processing sequence:       1    330    195     0.0937500     0.0937500     0.0937500     1
profile_iteration_> processing sequence:    7928    330    195    13.3750000     0.0016871     0.0000064   593
profile_iteration_> processing sequence:   15855    330    195    26.2500000     0.0016556     0.0000064   604
profile_iteration_> processing sequence:   23782    330    195    39.3593750     0.0016550     0.0000064   604
profile_iteration_> processing sequence:   31709    330    195    52.5000000     0.0016557     0.0000064   604
profile_iteration_> processing sequence:   39636    330    195    65.4375000     0.0016510     0.0000064   606
profile_iteration_> processing sequence:   47563    330    195    78.6718750     0.0016541     0.0000064   605
profile_iteration_> processing sequence:   55490    330    195    91.9843750     0.0016577     0.0000065   603
profile_iteration_> processing sequence:   63417    330    195   105.3437500     0.0016611     0.0000065   602
profile_iteration_> processing sequence:   71344    330    195   117.3437500     0.0016448     0.0000064   608
 AVERAGE RESIDUAL STANDARD ERROR:    48.19062
 AVERAGE RESIDUAL STANDARD DEVIATION:    236.4870
profile_660_> Quality of the fit between observed/expected score distributions.
              [Iteration, Chi2, nbins, KS-Stat, nscores ] =        3,        0.3513,      121,        0.0434,    79268

HISTOGRAM OF Z-SCORES:

Z:         3  -3.95000   0.00000   0.00000
Z:         3  -3.85000   0.00000   0.00000
Z:         3  -3.75000   0.00000   0.00000
Z:         3  -3.65000   0.00000   0.00000
Z:         3  -3.55000   0.00000   0.00000
Z:         3  -3.45000   0.00000   0.00000
Z:         3  -3.35000   0.00000   0.00000
Z:         3  -3.25000   0.00000   0.00000
Z:         3  -3.15000   0.00000   0.00000
Z:         3  -3.05000   0.00000   0.00000
Z:         3  -2.95000   0.00000   0.00000
Z:         3  -2.85000   0.00000   0.00000
Z:         3  -2.75000   0.00000   0.00000
Z:         3  -2.65000   0.00000   0.00000
Z:         3  -2.55000   0.00013   0.00001
Z:         3  -2.45000   0.00038   0.00004
Z:         3  -2.35000   0.00000   0.00016
Z:         3  -2.25000   0.00063   0.00055
Z:         3  -2.15000   0.00038   0.00163
Z:         3  -2.05000   0.00088   0.00416
Z:         3  -1.95000   0.00202   0.00933
Z:         3  -1.85000   0.00252   0.01872
Z:         3  -1.75000   0.00870   0.03400
Z:         3  -1.65000   0.02031   0.05658
Z:         3  -1.55000   0.03116   0.08721
Z:         3  -1.45000   0.07102   0.12565
Z:         3  -1.35000   0.11278   0.17059
Z:         3  -1.25000   0.16123   0.21981
Z:         3  -1.15000   0.21055   0.27052
Z:         3  -1.05000   0.29205   0.31973
Z:         3  -0.95000   0.35071   0.36469
Z:         3  -0.85000   0.39095   0.40316
Z:         3  -0.75000   0.47573   0.43360
Z:         3  -0.65000   0.46765   0.45519
Z:         3  -0.55000   0.51812   0.46779
Z:         3  -0.45000   0.52127   0.47182
Z:         3  -0.35000   0.49503   0.46811
Z:         3  -0.25000   0.50701   0.45775
Z:         3  -0.15000   0.46803   0.44196
Z:         3  -0.05000   0.44242   0.42194
Z:         3   0.05000   0.42035   0.39889
Z:         3   0.15000   0.39537   0.37383
Z:         3   0.25000   0.35235   0.34769
Z:         3   0.35000   0.31930   0.32121
Z:         3   0.45000   0.28788   0.29500
Z:         3   0.55000   0.27060   0.26953
Z:         3   0.65000   0.27148   0.24513
Z:         3   0.75000   0.20879   0.22205
Z:         3   0.85000   0.19718   0.20043
Z:         3   0.95000   0.16425   0.18036
Z:         3   1.05000   0.14962   0.16185
Z:         3   1.15000   0.12578   0.14489
Z:         3   1.25000   0.11922   0.12944
Z:         3   1.35000   0.09701   0.11542
Z:         3   1.45000   0.09121   0.10275
Z:         3   1.55000   0.06989   0.09133
Z:         3   1.65000   0.06346   0.08109
Z:         3   1.75000   0.05425   0.07191
Z:         3   1.85000   0.04933   0.06371
Z:         3   1.95000   0.04579   0.05639
Z:         3   2.05000   0.03507   0.04988
Z:         3   2.15000   0.03797   0.04409
Z:         3   2.25000   0.12060   0.03895
Z:         3   2.35000   0.03305   0.03439
Z:         3   2.45000   0.02523   0.03035
Z:         3   2.55000   0.02107   0.02678
Z:         3   2.65000   0.01754   0.02361
Z:         3   2.75000   0.01716   0.02082
Z:         3   2.85000   0.01829   0.01835
Z:         3   2.95000   0.01312   0.01617
Z:         3   3.05000   0.01489   0.01424
Z:         3   3.15000   0.01299   0.01255
Z:         3   3.25000   0.01968   0.01105
Z:         3   3.35000   0.00921   0.00973
Z:         3   3.45000   0.00833   0.00857
Z:         3   3.55000   0.01135   0.00754
Z:         3   3.65000   0.00770   0.00664
Z:         3   3.75000   0.01060   0.00584
Z:         3   3.85000   0.00807   0.00514
Z:         3   3.95000   0.00744   0.00453
Z:         3   4.05000   0.00732   0.00398
Z:         3   4.15000   0.00694   0.00350
Z:         3   4.25000   0.00845   0.00308
Z:         3   4.35000   0.00593   0.00271
Z:         3   4.45000   0.00568   0.00239
Z:         3   4.55000   0.01262   0.00210
Z:         3   4.65000   0.01186   0.00185
Z:         3   4.75000   0.00833   0.00163
Z:         3   4.85000   0.00934   0.00143
Z:         3   4.95000   0.01350   0.00126
Z:         3   5.05000   0.00555   0.00111
Z:         3   5.15000   0.00492   0.00097
Z:         3   5.25000   0.01110   0.00086
Z:         3   5.35000   0.01085   0.00075
Z:         3   5.45000   0.00618   0.00066
Z:         3   5.55000   0.00757   0.00058
Z:         3   5.65000   0.00391   0.00051
Z:         3   5.75000   0.00542   0.00045
Z:         3   5.85000   0.00290   0.00040
Z:         3   5.95000   0.03066   0.00035
Z:         3   6.05000   0.00416   0.00031
Z:         3   6.15000   0.00744   0.00027
Z:         3   6.25000   0.00151   0.00024
Z:         3   6.35000   0.00341   0.00021
Z:         3   6.45000   0.00240   0.00018
Z:         3   6.55000   0.00088   0.00016
Z:         3   6.65000   0.00126   0.00014
Z:         3   6.75000   0.00328   0.00013
Z:         3   6.85000   0.00139   0.00011
Z:         3   6.95000   0.00063   0.00010
Z:         3   7.05000   0.00114   0.00009
Z:         3   7.15000   0.00139   0.00007
Z:         3   7.25000   0.00126   0.00007
Z:         3   7.35000   0.00076   0.00006
Z:         3   7.45000   0.00038   0.00005
Z:         3   7.55000   0.00038   0.00004
Z:         3   7.65000   0.00088   0.00004
Z:         3   7.75000   0.00076   0.00003
Z:         3   7.85000   0.00088   0.00003
Z:         3   7.95000   0.00063   0.00003
Z:         3   8.05000   0.00013   0.00002
profile_658_> Percentage of alignments from previous iterations still significant, [iter, perc]:        3,       99.4872

HITS FOUND IN ITERATION:     3

> 6ffiA                      3   28129    4509     409     330   15.60    0.47E-02     196   128   133   270     1   141
> 6c8gA                      3   48238    4542     608     330   15.71    0.58E-02     197   183    98   282   316   525

profile_iteration__> Weight Matrix           [sec]:     0.078125
profile_iteration__> Score Collection        [sec]:   130.859375
profile_iteration__> Score Collection/Seq    [sec]:     0.001651
profile_iteration__> DP Steps per sec    [ali/sec]:   606.401123
profile_iteration__> Statistics              [sec]:     0.203125
profile_iteration__> Add to profile          [sec]:     0.046875
profile_iteration__> Overall performance    [/seq]:     0.001656
profile_iteration__> Overall performance [seq/sec]:   603.731018
profile_iteration_> processing sequence:       1    330    197     0.0781250     0.0781250     0.0781250     1
profile_iteration_> processing sequence:    7928    330    197    13.3437500     0.0016831     0.0000064   594
profile_iteration_> processing sequence:   15855    330    197    26.0468750     0.0016428     0.0000064   609
profile_iteration_> processing sequence:   23782    330    197    39.0312500     0.0016412     0.0000064   609
profile_iteration_> processing sequence:   31709    330    197    52.0156250     0.0016404     0.0000064   610
profile_iteration_> processing sequence:   39636    330    197    65.2656250     0.0016466     0.0000064   607
profile_iteration_> processing sequence:   47563    330    197    78.2656250     0.0016455     0.0000064   608
profile_iteration_> processing sequence:   55490    330    197    91.2812500     0.0016450     0.0000064   608
profile_iteration_> processing sequence:   63417    330    197   104.2343750     0.0016436     0.0000064   608
profile_iteration_> processing sequence:   71344    330    197   117.4218750     0.0016459     0.0000064   608
 AVERAGE RESIDUAL STANDARD ERROR:    47.47699
 AVERAGE RESIDUAL STANDARD DEVIATION:    236.3141
profile_660_> Quality of the fit between observed/expected score distributions.
              [Iteration, Chi2, nbins, KS-Stat, nscores ] =        4,        0.3438,      121,        0.0434,    79268

HISTOGRAM OF Z-SCORES:

Z:         4  -3.95000   0.00000   0.00000
Z:         4  -3.85000   0.00000   0.00000
Z:         4  -3.75000   0.00000   0.00000
Z:         4  -3.65000   0.00000   0.00000
Z:         4  -3.55000   0.00000   0.00000
Z:         4  -3.45000   0.00000   0.00000
Z:         4  -3.35000   0.00000   0.00000
Z:         4  -3.25000   0.00000   0.00000
Z:         4  -3.15000   0.00000   0.00000
Z:         4  -3.05000   0.00000   0.00000
Z:         4  -2.95000   0.00000   0.00000
Z:         4  -2.85000   0.00000   0.00000
Z:         4  -2.75000   0.00000   0.00000
Z:         4  -2.65000   0.00000   0.00000
Z:         4  -2.55000   0.00025   0.00001
Z:         4  -2.45000   0.00025   0.00004
Z:         4  -2.35000   0.00000   0.00016
Z:         4  -2.25000   0.00050   0.00055
Z:         4  -2.15000   0.00076   0.00163
Z:         4  -2.05000   0.00088   0.00416
Z:         4  -1.95000   0.00126   0.00933
Z:         4  -1.85000   0.00252   0.01872
Z:         4  -1.75000   0.00845   0.03400
Z:         4  -1.65000   0.02246   0.05658
Z:         4  -1.55000   0.03570   0.08721
Z:         4  -1.45000   0.07216   0.12565
Z:         4  -1.35000   0.11165   0.17059
Z:         4  -1.25000   0.15441   0.21981
Z:         4  -1.15000   0.21358   0.27052
Z:         4  -1.05000   0.28423   0.31973
Z:         4  -0.95000   0.35348   0.36469
Z:         4  -0.85000   0.39612   0.40316
Z:         4  -0.75000   0.46261   0.43360
Z:         4  -0.65000   0.48494   0.45519
Z:         4  -0.55000   0.50159   0.46779
Z:         4  -0.45000   0.51622   0.47182
Z:         4  -0.35000   0.50752   0.46811
Z:         4  -0.25000   0.49869   0.45775
Z:         4  -0.15000   0.47812   0.44196
Z:         4  -0.05000   0.45378   0.42194
Z:         4   0.05000   0.41908   0.39889
Z:         4   0.15000   0.39461   0.37383
Z:         4   0.25000   0.35311   0.34769
Z:         4   0.35000   0.32384   0.32121
Z:         4   0.45000   0.28410   0.29500
Z:         4   0.55000   0.26606   0.26953
Z:         4   0.65000   0.25874   0.24513
Z:         4   0.75000   0.21118   0.22205
Z:         4   0.85000   0.18759   0.20043
Z:         4   0.95000   0.16690   0.18036
Z:         4   1.05000   0.15328   0.16185
Z:         4   1.15000   0.12086   0.14489
Z:         4   1.25000   0.12237   0.12944
Z:         4   1.35000   0.10004   0.11542
Z:         4   1.45000   0.08932   0.10275
Z:         4   1.55000   0.07380   0.09133
Z:         4   1.65000   0.06320   0.08109
Z:         4   1.75000   0.06118   0.07191
Z:         4   1.85000   0.04743   0.06371
Z:         4   1.95000   0.04327   0.05639
Z:         4   2.05000   0.03734   0.04988
Z:         4   2.15000   0.03671   0.04409
Z:         4   2.25000   0.11783   0.03895
Z:         4   2.35000   0.03671   0.03439
Z:         4   2.45000   0.02246   0.03035
Z:         4   2.55000   0.02082   0.02678
Z:         4   2.65000   0.01754   0.02361
Z:         4   2.75000   0.01690   0.02082
Z:         4   2.85000   0.01716   0.01835
Z:         4   2.95000   0.01426   0.01617
Z:         4   3.05000   0.01451   0.01424
Z:         4   3.15000   0.01337   0.01255
Z:         4   3.25000   0.01993   0.01105
Z:         4   3.35000   0.00997   0.00973
Z:         4   3.45000   0.00833   0.00857
Z:         4   3.55000   0.01173   0.00754
Z:         4   3.65000   0.00719   0.00664
Z:         4   3.75000   0.01060   0.00584
Z:         4   3.85000   0.00946   0.00514
Z:         4   3.95000   0.00795   0.00453
Z:         4   4.05000   0.00820   0.00398
Z:         4   4.15000   0.00858   0.00350
Z:         4   4.25000   0.00631   0.00308
Z:         4   4.35000   0.00479   0.00271
Z:         4   4.45000   0.00593   0.00239
Z:         4   4.55000   0.01287   0.00210
Z:         4   4.65000   0.00971   0.00185
Z:         4   4.75000   0.00883   0.00163
Z:         4   4.85000   0.00858   0.00143
Z:         4   4.95000   0.01388   0.00126
Z:         4   5.05000   0.00643   0.00111
Z:         4   5.15000   0.00580   0.00097
Z:         4   5.25000   0.01009   0.00086
Z:         4   5.35000   0.01211   0.00075
Z:         4   5.45000   0.00467   0.00066
Z:         4   5.55000   0.00908   0.00058
Z:         4   5.65000   0.00454   0.00051
Z:         4   5.75000   0.00454   0.00045
Z:         4   5.85000   0.00265   0.00040
Z:         4   5.95000   0.02889   0.00035
Z:         4   6.05000   0.00580   0.00031
Z:         4   6.15000   0.00807   0.00027
Z:         4   6.25000   0.00177   0.00024
Z:         4   6.35000   0.00328   0.00021
Z:         4   6.45000   0.00341   0.00018
Z:         4   6.55000   0.00076   0.00016
Z:         4   6.65000   0.00101   0.00014
Z:         4   6.75000   0.00303   0.00013
Z:         4   6.85000   0.00177   0.00011
Z:         4   6.95000   0.00114   0.00010
Z:         4   7.05000   0.00076   0.00009
Z:         4   7.15000   0.00025   0.00007
Z:         4   7.25000   0.00139   0.00007
Z:         4   7.35000   0.00088   0.00006
Z:         4   7.45000   0.00063   0.00005
Z:         4   7.55000   0.00025   0.00004
Z:         4   7.65000   0.00038   0.00004
Z:         4   7.75000   0.00025   0.00003
Z:         4   7.85000   0.00126   0.00003
Z:         4   7.95000   0.00063   0.00003
Z:         4   8.05000   0.00063   0.00002
profile_658_> Percentage of alignments from previous iterations still significant, [iter, perc]:        4,       99.4924

HITS FOUND IN ITERATION:     4

> 6fj3A                      4   58100    4442     561     330   18.92    0.91E-02     198   145    49   197   130   277
> 6ajiA                      4   70735    4841     873     330   13.89    0.16E-02     199   185    72   270   511   726

profile_iteration__> Weight Matrix           [sec]:     0.078125
profile_iteration__> Score Collection        [sec]:   130.687500
profile_iteration__> Score Collection/Seq    [sec]:     0.001649
profile_iteration__> DP Steps per sec    [ali/sec]:   607.708679
profile_iteration__> Statistics              [sec]:     0.234375
profile_iteration__> Add to profile          [sec]:     0.062500
profile_iteration__> Overall performance    [/seq]:     0.001655
profile_iteration__> Overall performance [seq/sec]:   604.378357
profile_iteration_> processing sequence:       1    330    199     0.0468750     0.0468750     0.0468750     1
profile_iteration_> processing sequence:    7928    330    199    13.4531250     0.0016969     0.0000065   589
profile_iteration_> processing sequence:   15855    330    199    26.1718750     0.0016507     0.0000064   606
profile_iteration_> processing sequence:   23782    330    199    38.9062500     0.0016360     0.0000064   611
profile_iteration_> processing sequence:   31709    330    199    52.0625000     0.0016419     0.0000064   609
profile_iteration_> processing sequence:   39636    330    199    64.0000000     0.0016147     0.0000063   619
profile_iteration_> processing sequence:   47563    330    199    75.7968750     0.0015936     0.0000062   628
profile_iteration_> processing sequence:   55490    330    199    88.4062500     0.0015932     0.0000062   628
profile_iteration_> processing sequence:   63417    330    199   101.2500000     0.0015966     0.0000062   626
profile_iteration_> processing sequence:   71344    330    199   114.1875000     0.0016005     0.0000062   625
 AVERAGE RESIDUAL STANDARD ERROR:    49.93649
 AVERAGE RESIDUAL STANDARD DEVIATION:    237.3682
profile_660_> Quality of the fit between observed/expected score distributions.
              [Iteration, Chi2, nbins, KS-Stat, nscores ] =        5,        0.3534,      121,        0.0448,    79268

HISTOGRAM OF Z-SCORES:

Z:         5  -3.95000   0.00000   0.00000
Z:         5  -3.85000   0.00000   0.00000
Z:         5  -3.75000   0.00000   0.00000
Z:         5  -3.65000   0.00000   0.00000
Z:         5  -3.55000   0.00000   0.00000
Z:         5  -3.45000   0.00000   0.00000
Z:         5  -3.35000   0.00000   0.00000
Z:         5  -3.25000   0.00000   0.00000
Z:         5  -3.15000   0.00000   0.00000
Z:         5  -3.05000   0.00000   0.00000
Z:         5  -2.95000   0.00000   0.00000
Z:         5  -2.85000   0.00000   0.00000
Z:         5  -2.75000   0.00000   0.00000
Z:         5  -2.65000   0.00000   0.00000
Z:         5  -2.55000   0.00025   0.00001
Z:         5  -2.45000   0.00013   0.00004
Z:         5  -2.35000   0.00013   0.00016
Z:         5  -2.25000   0.00076   0.00055
Z:         5  -2.15000   0.00038   0.00163
Z:         5  -2.05000   0.00101   0.00416
Z:         5  -1.95000   0.00139   0.00933
Z:         5  -1.85000   0.00240   0.01872
Z:         5  -1.75000   0.00820   0.03400
Z:         5  -1.65000   0.02132   0.05658
Z:         5  -1.55000   0.03280   0.08721
Z:         5  -1.45000   0.07279   0.12565
Z:         5  -1.35000   0.10748   0.17059
Z:         5  -1.25000   0.15883   0.21981
Z:         5  -1.15000   0.21320   0.27052
Z:         5  -1.05000   0.28183   0.31973
Z:         5  -0.95000   0.34831   0.36469
Z:         5  -0.85000   0.39272   0.40316
Z:         5  -0.75000   0.46942   0.43360
Z:         5  -0.65000   0.48935   0.45519
Z:         5  -0.55000   0.50462   0.46779
Z:         5  -0.45000   0.51534   0.47182
Z:         5  -0.35000   0.50764   0.46811
Z:         5  -0.25000   0.51383   0.45775
Z:         5  -0.15000   0.47131   0.44196
Z:         5  -0.05000   0.44621   0.42194
Z:         5   0.05000   0.42892   0.39889
Z:         5   0.15000   0.38994   0.37383
Z:         5   0.25000   0.34705   0.34769
Z:         5   0.35000   0.31993   0.32121
Z:         5   0.45000   0.28612   0.29500
Z:         5   0.55000   0.26227   0.26953
Z:         5   0.65000   0.26038   0.24513
Z:         5   0.75000   0.21118   0.22205
Z:         5   0.85000   0.19188   0.20043
Z:         5   0.95000   0.17321   0.18036
Z:         5   1.05000   0.15126   0.16185
Z:         5   1.15000   0.12187   0.14489
Z:         5   1.25000   0.12351   0.12944
Z:         5   1.35000   0.10155   0.11542
Z:         5   1.45000   0.08755   0.10275
Z:         5   1.55000   0.07052   0.09133
Z:         5   1.65000   0.06257   0.08109
Z:         5   1.75000   0.05500   0.07191
Z:         5   1.85000   0.04895   0.06371
Z:         5   1.95000   0.04617   0.05639
Z:         5   2.05000   0.03759   0.04988
Z:         5   2.15000   0.03709   0.04409
Z:         5   2.25000   0.12149   0.03895
Z:         5   2.35000   0.03129   0.03439
Z:         5   2.45000   0.02460   0.03035
Z:         5   2.55000   0.02082   0.02678
Z:         5   2.65000   0.01779   0.02361
Z:         5   2.75000   0.01981   0.02082
Z:         5   2.85000   0.01526   0.01835
Z:         5   2.95000   0.01262   0.01617
Z:         5   3.05000   0.01337   0.01424
Z:         5   3.15000   0.01451   0.01255
Z:         5   3.25000   0.01993   0.01105
Z:         5   3.35000   0.00883   0.00973
Z:         5   3.45000   0.00833   0.00857
Z:         5   3.55000   0.01085   0.00754
Z:         5   3.65000   0.00858   0.00664
Z:         5   3.75000   0.01287   0.00584
Z:         5   3.85000   0.00757   0.00514
Z:         5   3.95000   0.00757   0.00453
Z:         5   4.05000   0.00845   0.00398
Z:         5   4.15000   0.00669   0.00350
Z:         5   4.25000   0.00706   0.00308
Z:         5   4.35000   0.00492   0.00271
Z:         5   4.45000   0.00656   0.00239
Z:         5   4.55000   0.01211   0.00210
Z:         5   4.65000   0.01224   0.00185
Z:         5   4.75000   0.00757   0.00163
Z:         5   4.85000   0.01148   0.00143
Z:         5   4.95000   0.01161   0.00126
Z:         5   5.05000   0.00631   0.00111
Z:         5   5.15000   0.00467   0.00097
Z:         5   5.25000   0.01451   0.00086
Z:         5   5.35000   0.00858   0.00075
Z:         5   5.45000   0.00631   0.00066
Z:         5   5.55000   0.00656   0.00058
Z:         5   5.65000   0.00454   0.00051
Z:         5   5.75000   0.00479   0.00045
Z:         5   5.85000   0.00505   0.00040
Z:         5   5.95000   0.02939   0.00035
Z:         5   6.05000   0.00378   0.00031
Z:         5   6.15000   0.00631   0.00027
Z:         5   6.25000   0.00126   0.00024
Z:         5   6.35000   0.00505   0.00021
Z:         5   6.45000   0.00214   0.00018
Z:         5   6.55000   0.00114   0.00016
Z:         5   6.65000   0.00088   0.00014
Z:         5   6.75000   0.00278   0.00013
Z:         5   6.85000   0.00177   0.00011
Z:         5   6.95000   0.00101   0.00010
Z:         5   7.05000   0.00101   0.00009
Z:         5   7.15000   0.00038   0.00007
Z:         5   7.25000   0.00063   0.00007
Z:         5   7.35000   0.00038   0.00006
Z:         5   7.45000   0.00013   0.00005
Z:         5   7.55000   0.00101   0.00004
Z:         5   7.65000   0.00088   0.00004
Z:         5   7.75000   0.00114   0.00003
Z:         5   7.85000   0.00063   0.00003
Z:         5   7.95000   0.00101   0.00003
Z:         5   8.05000   0.00025   0.00002
profile_658_> Percentage of alignments from previous iterations still significant, [iter, perc]:        5,       99.4975

HITS FOUND IN ITERATION:     5

> 6or2A                      5    4536    7567     732     330   14.04    0.59E-09     200   161    72   236   530   707

Dynamically allocated memory at     amaxprofile [B,KiB,MiB]:      1490718    1455.779     1.422
> 4k5yC                      5   11514    5026     248     330   15.18    0.19E-03     201   208    35   267     8   231
> 5nx2A                      5   34461    4940     389     330   13.19    0.46E-03     202   245    25   272   107   379
> 7k7mA                      5   36039    7567     756     330   14.04    0.61E-09     203   161    72   236   559   736
> 8gtiA                      5   40593    5070     263     330   16.53    0.16E-03     204   218    35   272    22   263
> 4l6rA                      5   62884    4814     398     330   13.26    0.93E-03     205   264    13   284    96   374
> 6ajgA                      5   70807    9079     900     330   13.45     0.0         206   185    72   270   530   752

profile_iteration__> Weight Matrix           [sec]:     0.046875
profile_iteration__> Score Collection        [sec]:   127.328125
profile_iteration__> Score Collection/Seq    [sec]:     0.001606
profile_iteration__> DP Steps per sec    [ali/sec]:   623.467102
profile_iteration__> Statistics              [sec]:     0.250000
profile_iteration__> Add to profile          [sec]:     0.093750
profile_iteration__> Overall performance    [/seq]:     0.001613
profile_iteration__> Overall performance [seq/sec]:   620.038147
openf___224_> Open           ../MRGPRX2/MRGPRX2_profile.prf

Dynamically allocated memory at   amaxalignment [B,KiB,MiB]:      1884815    1840.640     1.797

Dynamically allocated memory at    amaxsequence [B,KiB,MiB]:      1886131    1841.925     1.799

Dynamically allocated memory at    amaxsequence [B,KiB,MiB]:      1887031    1842.804     1.800

Dynamically allocated memory at    amaxsequence [B,KiB,MiB]:      1887483    1843.245     1.800

Dynamically allocated memory at    amaxsequence [B,KiB,MiB]:      1888163    1843.909     1.801

Dynamically allocated memory at    amaxsequence [B,KiB,MiB]:      1888755    1844.487     1.801

Dynamically allocated memory at    amaxsequence [B,KiB,MiB]:      1889755    1845.464     1.802

Dynamically allocated memory at    amaxsequence [B,KiB,MiB]:      1890251    1845.948     1.803

Dynamically allocated memory at    amaxsequence [B,KiB,MiB]:      1890483    1846.175     1.803

Dynamically allocated memory at    amaxsequence [B,KiB,MiB]:      1891423    1847.093     1.804

Dynamically allocated memory at    amaxsequence [B,KiB,MiB]:      1892195    1847.847     1.805

Dynamically allocated memory at    amaxsequence [B,KiB,MiB]:      1893171    1848.800     1.805

Dynamically allocated memory at    amaxsequence [B,KiB,MiB]:      1894163    1849.769     1.806

Dynamically allocated memory at    amaxsequence [B,KiB,MiB]:      1895091    1850.675     1.807

Dynamically allocated memory at    amaxsequence [B,KiB,MiB]:      1895579    1851.151     1.808

Dynamically allocated memory at    amaxsequence [B,KiB,MiB]:      1896067    1851.628     1.808

Dynamically allocated memory at    amaxsequence [B,KiB,MiB]:      1896595    1852.144     1.809

Dynamically allocated memory at    amaxsequence [B,KiB,MiB]:      1897051    1852.589     1.809

Dynamically allocated memory at    amaxsequence [B,KiB,MiB]:      1898035    1853.550     1.810

Dynamically allocated memory at    amaxsequence [B,KiB,MiB]:      1898543    1854.046     1.811

Dynamically allocated memory at    amaxsequence [B,KiB,MiB]:      1899535    1855.015     1.812

Dynamically allocated memory at    amaxsequence [B,KiB,MiB]:      1900495    1855.952     1.812

Dynamically allocated memory at    amaxsequence [B,KiB,MiB]:      1901439    1856.874     1.813

Dynamically allocated memory at    amaxsequence [B,KiB,MiB]:      1902519    1857.929     1.814

Dynamically allocated memory at    amaxsequence [B,KiB,MiB]:      1903471    1858.858     1.815

Dynamically allocated memory at    amaxsequence [B,KiB,MiB]:      1904451    1859.815     1.816

Dynamically allocated memory at    amaxsequence [B,KiB,MiB]:      1905431    1860.772     1.817

Dynamically allocated memory at    amaxsequence [B,KiB,MiB]:      1906435    1861.753     1.818

Dynamically allocated memory at    amaxsequence [B,KiB,MiB]:      1907091    1862.394     1.819

Dynamically allocated memory at    amaxsequence [B,KiB,MiB]:      1908051    1863.331     1.820

Dynamically allocated memory at    amaxsequence [B,KiB,MiB]:      1908563    1863.831     1.820

Dynamically allocated memory at    amaxsequence [B,KiB,MiB]:      1908955    1864.214     1.821

Dynamically allocated memory at    amaxsequence [B,KiB,MiB]:      1909427    1864.675     1.821

Dynamically allocated memory at    amaxsequence [B,KiB,MiB]:      1909915    1865.151     1.821

Dynamically allocated memory at    amaxsequence [B,KiB,MiB]:      1910895    1866.108     1.822

Dynamically allocated memory at    amaxsequence [B,KiB,MiB]:      1911603    1866.800     1.823

Dynamically allocated memory at    amaxsequence [B,KiB,MiB]:      1912247    1867.429     1.824

Dynamically allocated memory at    amaxsequence [B,KiB,MiB]:      1913007    1868.171     1.824

Dynamically allocated memory at    amaxsequence [B,KiB,MiB]:      1913651    1868.800     1.825

Dynamically allocated memory at    amaxsequence [B,KiB,MiB]:      1914123    1869.261     1.825

Dynamically allocated memory at    amaxsequence [B,KiB,MiB]:      1914355    1869.487     1.826

Dynamically allocated memory at    amaxsequence [B,KiB,MiB]:      1914847    1869.968     1.826

Dynamically allocated memory at    amaxsequence [B,KiB,MiB]:      1915375    1870.483     1.827

Dynamically allocated memory at    amaxsequence [B,KiB,MiB]:      1915911    1871.007     1.827

Dynamically allocated memory at    amaxsequence [B,KiB,MiB]:      1916519    1871.601     1.828

Dynamically allocated memory at    amaxsequence [B,KiB,MiB]:      1917515    1872.573     1.829

Dynamically allocated memory at    amaxsequence [B,KiB,MiB]:      1918527    1873.562     1.830

Dynamically allocated memory at    amaxsequence [B,KiB,MiB]:      1919463    1874.476     1.831

Dynamically allocated memory at    amaxsequence [B,KiB,MiB]:      1920447    1875.437     1.831

Dynamically allocated memory at    amaxsequence [B,KiB,MiB]:      1921435    1876.401     1.832

Dynamically allocated memory at    amaxsequence [B,KiB,MiB]:      1922427    1877.370     1.833

Dynamically allocated memory at    amaxsequence [B,KiB,MiB]:      1923127    1878.054     1.834

Dynamically allocated memory at    amaxsequence [B,KiB,MiB]:      1923939    1878.847     1.835

Dynamically allocated memory at    amaxsequence [B,KiB,MiB]:      1924427    1879.323     1.835

Dynamically allocated memory at    amaxsequence [B,KiB,MiB]:      1924879    1879.765     1.836

Dynamically allocated memory at    amaxsequence [B,KiB,MiB]:      1925331    1880.206     1.836

Dynamically allocated memory at    amaxsequence [B,KiB,MiB]:      1925803    1880.667     1.837

Dynamically allocated memory at    amaxsequence [B,KiB,MiB]:      1926275    1881.128     1.837

Dynamically allocated memory at    amaxsequence [B,KiB,MiB]:      1926739    1881.581     1.837

Dynamically allocated memory at    amaxsequence [B,KiB,MiB]:      1927407    1882.233     1.838

Dynamically allocated memory at    amaxsequence [B,KiB,MiB]:      1928435    1883.237     1.839

Dynamically allocated memory at    amaxsequence [B,KiB,MiB]:      1929387    1884.167     1.840

Dynamically allocated memory at    amaxsequence [B,KiB,MiB]:      1930043    1884.808     1.841

Dynamically allocated memory at    amaxsequence [B,KiB,MiB]:      1931031    1885.772     1.842

Dynamically allocated memory at    amaxsequence [B,KiB,MiB]:      1932003    1886.722     1.843

Dynamically allocated memory at    amaxsequence [B,KiB,MiB]:      1933015    1887.710     1.843

Dynamically allocated memory at    amaxsequence [B,KiB,MiB]:      1933967    1888.640     1.844

Dynamically allocated memory at    amaxsequence [B,KiB,MiB]:      1934887    1889.538     1.845

Dynamically allocated memory at    amaxsequence [B,KiB,MiB]:      1935519    1890.155     1.846

Dynamically allocated memory at    amaxsequence [B,KiB,MiB]:      1936451    1891.065     1.847

Dynamically allocated memory at    amaxsequence [B,KiB,MiB]:      1937427    1892.019     1.848

Dynamically allocated memory at    amaxsequence [B,KiB,MiB]:      1938371    1892.940     1.849

Dynamically allocated memory at    amaxsequence [B,KiB,MiB]:      1939327    1893.874     1.849

Dynamically allocated memory at    amaxsequence [B,KiB,MiB]:      1939839    1894.374     1.850

Dynamically allocated memory at    amaxsequence [B,KiB,MiB]:      1940779    1895.292     1.851

Dynamically allocated memory at    amaxsequence [B,KiB,MiB]:      1941783    1896.272     1.852

Dynamically allocated memory at    amaxsequence [B,KiB,MiB]:      1942463    1896.937     1.852

Dynamically allocated memory at    amaxsequence [B,KiB,MiB]:      1943439    1897.890     1.853

Dynamically allocated memory at    amaxsequence [B,KiB,MiB]:      1944479    1898.905     1.854

Dynamically allocated memory at    amaxsequence [B,KiB,MiB]:      1944911    1899.327     1.855

Dynamically allocated memory at    amaxsequence [B,KiB,MiB]:      1945819    1900.214     1.856

Dynamically allocated memory at    amaxsequence [B,KiB,MiB]:      1946763    1901.136     1.857

Dynamically allocated memory at    amaxsequence [B,KiB,MiB]:      1947679    1902.030     1.857

Dynamically allocated memory at    amaxsequence [B,KiB,MiB]:      1948623    1902.952     1.858

Dynamically allocated memory at    amaxsequence [B,KiB,MiB]:      1949567    1903.874     1.859

Dynamically allocated memory at    amaxsequence [B,KiB,MiB]:      1950487    1904.772     1.860

Dynamically allocated memory at    amaxsequence [B,KiB,MiB]:      1950999    1905.272     1.861

Dynamically allocated memory at    amaxsequence [B,KiB,MiB]:      1951511    1905.772     1.861

Dynamically allocated memory at    amaxsequence [B,KiB,MiB]:      1951975    1906.226     1.862

Dynamically allocated memory at    amaxsequence [B,KiB,MiB]:      1952439    1906.679     1.862

Dynamically allocated memory at    amaxsequence [B,KiB,MiB]:      1952911    1907.140     1.862

Dynamically allocated memory at    amaxsequence [B,KiB,MiB]:      1953591    1907.804     1.863

Dynamically allocated memory at    amaxsequence [B,KiB,MiB]:      1954487    1908.679     1.864

Dynamically allocated memory at    amaxsequence [B,KiB,MiB]:      1955467    1909.636     1.865

Dynamically allocated memory at    amaxsequence [B,KiB,MiB]:      1956431    1910.577     1.866

Dynamically allocated memory at    amaxsequence [B,KiB,MiB]:      1957103    1911.233     1.866

Dynamically allocated memory at    amaxsequence [B,KiB,MiB]:      1958047    1912.155     1.867

Dynamically allocated memory at    amaxsequence [B,KiB,MiB]:      1958735    1912.827     1.868

Dynamically allocated memory at    amaxsequence [B,KiB,MiB]:      1959727    1913.796     1.869

Dynamically allocated memory at    amaxsequence [B,KiB,MiB]:      1960639    1914.687     1.870

Dynamically allocated memory at    amaxsequence [B,KiB,MiB]:      1961603    1915.628     1.871

Dynamically allocated memory at    amaxsequence [B,KiB,MiB]:      1962403    1916.409     1.871

Dynamically allocated memory at    amaxsequence [B,KiB,MiB]:      1962891    1916.886     1.872

Dynamically allocated memory at    amaxsequence [B,KiB,MiB]:      1963795    1917.769     1.873

Dynamically allocated memory at    amaxsequence [B,KiB,MiB]:      1964655    1918.608     1.874

Dynamically allocated memory at    amaxsequence [B,KiB,MiB]:      1965367    1919.304     1.874

Dynamically allocated memory at    amaxsequence [B,KiB,MiB]:      1965847    1919.772     1.875

Dynamically allocated memory at    amaxsequence [B,KiB,MiB]:      1966807    1920.710     1.876

Dynamically allocated memory at    amaxsequence [B,KiB,MiB]:      1967319    1921.210     1.876

Dynamically allocated memory at    amaxsequence [B,KiB,MiB]:      1967791    1921.671     1.877

Dynamically allocated memory at    amaxsequence [B,KiB,MiB]:      1968023    1921.897     1.877

Dynamically allocated memory at    amaxsequence [B,KiB,MiB]:      1968255    1922.124     1.877

Dynamically allocated memory at    amaxsequence [B,KiB,MiB]:      1969191    1923.038     1.878

Dynamically allocated memory at    amaxsequence [B,KiB,MiB]:      1970135    1923.960     1.879

Dynamically allocated memory at    amaxsequence [B,KiB,MiB]:      1971091    1924.894     1.880

Dynamically allocated memory at    amaxsequence [B,KiB,MiB]:      1972079    1925.858     1.881

Dynamically allocated memory at    amaxsequence [B,KiB,MiB]:      1972595    1926.362     1.881

Dynamically allocated memory at    amaxsequence [B,KiB,MiB]:      1973375    1927.124     1.882

Dynamically allocated memory at    amaxsequence [B,KiB,MiB]:      1973651    1927.394     1.882

Dynamically allocated memory at    amaxsequence [B,KiB,MiB]:      1974123    1927.854     1.883

Dynamically allocated memory at    amaxsequence [B,KiB,MiB]:      1974595    1928.315     1.883

Dynamically allocated memory at    amaxsequence [B,KiB,MiB]:      1975555    1929.253     1.884

Dynamically allocated memory at    amaxsequence [B,KiB,MiB]:      1976515    1930.190     1.885

Dynamically allocated memory at    amaxsequence [B,KiB,MiB]:      1976967    1930.632     1.885

Dynamically allocated memory at    amaxsequence [B,KiB,MiB]:      1977991    1931.632     1.886

Dynamically allocated memory at    amaxsequence [B,KiB,MiB]:      1978723    1932.347     1.887

Dynamically allocated memory at    amaxsequence [B,KiB,MiB]:      1979707    1933.308     1.888

Dynamically allocated memory at    amaxsequence [B,KiB,MiB]:      1980663    1934.241     1.889

Dynamically allocated memory at    amaxsequence [B,KiB,MiB]:      1981711    1935.265     1.890

Dynamically allocated memory at    amaxsequence [B,KiB,MiB]:      1982759    1936.288     1.891

Dynamically allocated memory at    amaxsequence [B,KiB,MiB]:      1983807    1937.312     1.892

Dynamically allocated memory at    amaxsequence [B,KiB,MiB]:      1984899    1938.378     1.893

Dynamically allocated memory at    amaxsequence [B,KiB,MiB]:      1985595    1939.058     1.894

Dynamically allocated memory at    amaxsequence [B,KiB,MiB]:      1986303    1939.749     1.894

Dynamically allocated memory at    amaxsequence [B,KiB,MiB]:      1987351    1940.772     1.895

Dynamically allocated memory at    amaxsequence [B,KiB,MiB]:      1988399    1941.796     1.896

Dynamically allocated memory at    amaxsequence [B,KiB,MiB]:      1989447    1942.819     1.897

Dynamically allocated memory at    amaxsequence [B,KiB,MiB]:      1990487    1943.835     1.898

Dynamically allocated memory at    amaxsequence [B,KiB,MiB]:      1991475    1944.800     1.899

Dynamically allocated memory at    amaxsequence [B,KiB,MiB]:      1992071    1945.382     1.900

Dynamically allocated memory at    amaxsequence [B,KiB,MiB]:      1992803    1946.097     1.900

Dynamically allocated memory at    amaxsequence [B,KiB,MiB]:      1993731    1947.003     1.901

Dynamically allocated memory at    amaxsequence [B,KiB,MiB]:      1994583    1947.835     1.902

Dynamically allocated memory at    amaxsequence [B,KiB,MiB]:      1995119    1948.358     1.903

Dynamically allocated memory at    amaxsequence [B,KiB,MiB]:      1995943    1949.163     1.903

Dynamically allocated memory at    amaxsequence [B,KiB,MiB]:      1996975    1950.171     1.904

Dynamically allocated memory at    amaxsequence [B,KiB,MiB]:      1998007    1951.179     1.905

Dynamically allocated memory at    amaxsequence [B,KiB,MiB]:      1999011    1952.159     1.906

Dynamically allocated memory at    amaxsequence [B,KiB,MiB]:      1999987    1953.112     1.907

Dynamically allocated memory at    amaxsequence [B,KiB,MiB]:      2000939    1954.042     1.908

Dynamically allocated memory at    amaxsequence [B,KiB,MiB]:      2001723    1954.808     1.909

Dynamically allocated memory at    amaxsequence [B,KiB,MiB]:      2002743    1955.804     1.910

Dynamically allocated memory at    amaxsequence [B,KiB,MiB]:      2003627    1956.667     1.911

Dynamically allocated memory at    amaxsequence [B,KiB,MiB]:      2004479    1957.499     1.912

Dynamically allocated memory at    amaxsequence [B,KiB,MiB]:      2005279    1958.280     1.912

Dynamically allocated memory at    amaxsequence [B,KiB,MiB]:      2006003    1958.987     1.913

Dynamically allocated memory at    amaxsequence [B,KiB,MiB]:      2006983    1959.944     1.914

Dynamically allocated memory at    amaxsequence [B,KiB,MiB]:      2007703    1960.647     1.915

Dynamically allocated memory at    amaxsequence [B,KiB,MiB]:      2008707    1961.628     1.916

Dynamically allocated memory at    amaxsequence [B,KiB,MiB]:      2009699    1962.597     1.917

Dynamically allocated memory at    amaxsequence [B,KiB,MiB]:      2009823    1962.718     1.917

Dynamically allocated memory at    amaxsequence [B,KiB,MiB]:      2010815    1963.687     1.918

Dynamically allocated memory at    amaxsequence [B,KiB,MiB]:      2011843    1964.690     1.919

Dynamically allocated memory at    amaxsequence [B,KiB,MiB]:      2012835    1965.659     1.920

Dynamically allocated memory at    amaxsequence [B,KiB,MiB]:      2013619    1966.425     1.920

Dynamically allocated memory at    amaxsequence [B,KiB,MiB]:      2014579    1967.362     1.921

Dynamically allocated memory at    amaxsequence [B,KiB,MiB]:      2015271    1968.038     1.922

Dynamically allocated memory at    amaxsequence [B,KiB,MiB]:      2016247    1968.991     1.923

Dynamically allocated memory at    amaxsequence [B,KiB,MiB]:      2017115    1969.839     1.924

Dynamically allocated memory at    amaxsequence [B,KiB,MiB]:      2018195    1970.894     1.925

Dynamically allocated memory at    amaxsequence [B,KiB,MiB]:      2019215    1971.890     1.926

Dynamically allocated memory at    amaxsequence [B,KiB,MiB]:      2020219    1972.870     1.927

Dynamically allocated memory at    amaxsequence [B,KiB,MiB]:      2021179    1973.808     1.928

Dynamically allocated memory at    amaxsequence [B,KiB,MiB]:      2022267    1974.870     1.929

Dynamically allocated memory at    amaxsequence [B,KiB,MiB]:      2023163    1975.745     1.929

Dynamically allocated memory at    amaxsequence [B,KiB,MiB]:      2024143    1976.702     1.930

Dynamically allocated memory at    amaxsequence [B,KiB,MiB]:      2025123    1977.659     1.931

Dynamically allocated memory at    amaxsequence [B,KiB,MiB]:      2026135    1978.647     1.932

Dynamically allocated memory at    amaxsequence [B,KiB,MiB]:      2026607    1979.108     1.933

Dynamically allocated memory at    amaxsequence [B,KiB,MiB]:      2027587    1980.065     1.934

Dynamically allocated memory at    amaxsequence [B,KiB,MiB]:      2028599    1981.054     1.935

Dynamically allocated memory at    amaxsequence [B,KiB,MiB]:      2029491    1981.925     1.935

Dynamically allocated memory at    amaxsequence [B,KiB,MiB]:      2030443    1982.854     1.936

Dynamically allocated memory at    amaxsequence [B,KiB,MiB]:      2031419    1983.808     1.937

Dynamically allocated memory at    amaxsequence [B,KiB,MiB]:      2032391    1984.757     1.938

Dynamically allocated memory at    amaxsequence [B,KiB,MiB]:      2033471    1985.812     1.939

Dynamically allocated memory at    amaxsequence [B,KiB,MiB]:      2034559    1986.874     1.940

Dynamically allocated memory at    amaxsequence [B,KiB,MiB]:      2035215    1987.515     1.941

Dynamically allocated memory at    amaxsequence [B,KiB,MiB]:      2036055    1988.335     1.942

Dynamically allocated memory at    amaxsequence [B,KiB,MiB]:      2036847    1989.108     1.942

Dynamically allocated memory at    amaxsequence [B,KiB,MiB]:      2037535    1989.780     1.943

Dynamically allocated memory at    amaxsequence [B,KiB,MiB]:      2038543    1990.765     1.944

Dynamically allocated memory at    amaxsequence [B,KiB,MiB]:      2039247    1991.452     1.945

Dynamically allocated memory at    amaxsequence [B,KiB,MiB]:      2040111    1992.296     1.946

Dynamically allocated memory at    amaxsequence [B,KiB,MiB]:      2040935    1993.101     1.946

Dynamically allocated memory at    amaxsequence [B,KiB,MiB]:      2041603    1993.753     1.947

Dynamically allocated memory at    amaxsequence [B,KiB,MiB]:      2042111    1994.249     1.948

Dynamically allocated memory at    amaxsequence [B,KiB,MiB]:      2042839    1994.960     1.948

Dynamically allocated memory at    amaxsequence [B,KiB,MiB]:      2043415    1995.522     1.949

Dynamically allocated memory at    amaxsequence [B,KiB,MiB]:      2044151    1996.241     1.949

Dynamically allocated memory at    amaxsequence [B,KiB,MiB]:      2044791    1996.866     1.950

Dynamically allocated memory at    amaxsequence [B,KiB,MiB]:      2045619    1997.675     1.951

Dynamically allocated memory at    amaxsequence [B,KiB,MiB]:      2046595    1998.628     1.952

Dynamically allocated memory at    amaxsequence [B,KiB,MiB]:      2047235    1999.253     1.952

Dynamically allocated memory at    amaxsequence [B,KiB,MiB]:      2048103    2000.101     1.953

Dynamically allocated memory at    amaxsequence [B,KiB,MiB]:      2049155    2001.128     1.954

Dynamically allocated memory at    amaxsequence [B,KiB,MiB]:      2049891    2001.847     1.955
openf___224_> Open           ../MRGPRX2/MRGPRX2_alignmentoutput.ali
