N2     N.3    NG301  N.3   
C5     C.4    CG321  C.4(H.1)(H.1)
C4     C.3    CG2O1  !C.3(O.1)(N.3)
N1     N.3    NG2S1  !N.3(H.1)(C.3(!O.1))
H8     H.1    HGP1   H.1(!N.3)
O2     O.1    OG2D1  O.1(C.3)
C3     C.4    CG321  C.4(H.1)(H.1)
C2     C.4    CG321  C.4(H.1)(H.1)
O1     O.2    OG301  O.2   
C1     C.4    CG331  !C.4(H.1)(H.1)(H.1)
C6     C.3%6A CG2R61 C.3%6A
C7     C.3%6A CG2R61 C.3%6A
C8     C.3%6A CG2R61 C.3%6A
Cl1    CL.1   CLGR1  CL.1(C%6)
C9     C.3%6A CG2R61 C.3%6A
C10    C.3%6A CG2R61 C.3%6A
C11    C.3%6A CG2R61 C.3%6A
O3     O.2    OG301  O.2   
C12    C.4    CG331  !C.4(H.1)(H.1)(H.1)
S1     S.4    SG3O2  S.4(O.1)(O.1)
C13    C.4    CG331  !C.4(H.1)(H.1)(H.1)
O4     O.1    OG2P1  O.1(!S)
O5     O.1    OG2P1  O.1(!S)
HC2    H.1    HGA2   H.1(C.4(H.1))
HC3    H.1    HGA2   H.1(C.4(H.1))
HC4    H.1    HGA2   H.1(C.4(H.1))
HC5    H.1    HGA2   H.1(C.4(H.1))
HC6    H.1    HGA2   H.1(C.4(H.1))
HC7    H.1    HGA2   H.1(C.4(H.1))
HC     H.1    HGR62  H.1(C.3%6(C.3%6(F|CL|BR|I.1)))
HC1    H.1    HGR62  H.1(C.3%6(C.3%6(F|CL|BR|I.1)))
HC8    H.1    HGR61  H.1(C.3%6)
HC9    H.1    HGA3   H.1(C.4(H.1)(H.1))
HC10   H.1    HGA3   H.1(C.4(H.1)(H.1))
HC11   H.1    HGA3   H.1(C.4(H.1)(H.1))
HC12   H.1    HGA3   H.1(C.4(H.1)(H.1))
HC13   H.1    HGA3   H.1(C.4(H.1)(H.1))
HC14   H.1    HGA3   H.1(C.4(H.1)(H.1))
HC15   H.1    HGA3   H.1(C.4(H.1)(H.1))
HC16   H.1    HGA3   H.1(C.4(H.1)(H.1))
HC17   H.1    HGA3   H.1(C.4(H.1)(H.1))
C5      CG321   N2      NG301   1        0.21000 -  -0.21000
C6      CG2R61  N2      NG301   1        0.04000 -  -0.04000
N2      NG301   S1      SG3O2   1        0.02000 -  -0.02000
C4      CG2O1   C5      CG321   1        0.00000 -   0.00000
C4      CG2O1   N1      NG2S1   1        0.00000 -   0.00000
C4      CG2O1   O2      OG2D1   2        0.51000 -  -0.51000
H8      HGP1    N1      NG2S1   1        0.31000 -  -0.31000
C3      CG321   N1      NG2S1   1        0.00000 -   0.00000
C3      CG321   C2      CG321   1        0.00000 -   0.00000
C2      CG321   O1      OG301   1        0.17000 -  -0.17000
C1      CG331   O1      OG301   1        0.17000 -  -0.17000
C6      CG2R61  C7      CG2R61  2        0.00000 -   0.00000
C6      CG2R61  C11     CG2R61  1        0.00000 -   0.00000
C7      CG2R61  C8      CG2R61  1        0.00000 -   0.00000
C8      CG2R61  Cl1     CLGR1   1        0.10000 -  -0.10000
C8      CG2R61  C9      CG2R61  2        0.00000 -   0.00000
C9      CG2R61  C10     CG2R61  1        0.00000 -   0.00000
C10     CG2R61  C11     CG2R61  2        0.00000 -   0.00000
C11     CG2R61  O3      OG301   1        0.21500 -  -0.21500
C12     CG331   O3      OG301   1        0.17000 -  -0.17000
C13     CG331   S1      SG3O2   1        0.29000 -  -0.29000
O4      OG2P1   S1      SG3O2   2       -0.42000 -   0.42000
O5      OG2P1   S1      SG3O2   2       -0.42000 -   0.42000
C5      CG321   HC2     HGA2    1       -0.09000 -   0.09000
C5      CG321   HC3     HGA2    1       -0.09000 -   0.09000
C3      CG321   HC4     HGA2    1       -0.09000 -   0.09000
C3      CG321   HC5     HGA2    1       -0.09000 -   0.09000
C2      CG321   HC6     HGA2    1       -0.09000 -   0.09000
C2      CG321   HC7     HGA2    1       -0.09000 -   0.09000
C7      CG2R61  HC      HGR62   1         -0.150 -     0.150
C9      CG2R61  HC1     HGR62   1         -0.150 -     0.150
C10     CG2R61  HC8     HGR61   1       -0.11500 -   0.11500
C13     CG331   HC9     HGA3    1       -0.09000 -   0.09000
C13     CG331   HC10    HGA3    1       -0.09000 -   0.09000
C13     CG331   HC11    HGA3    1       -0.09000 -   0.09000
C12     CG331   HC12    HGA3    1       -0.09000 -   0.09000
C12     CG331   HC13    HGA3    1       -0.09000 -   0.09000
C12     CG331   HC14    HGA3    1       -0.09000 -   0.09000
C1      CG331   HC15    HGA3    1       -0.09000 -   0.09000
C1      CG331   HC16    HGA3    1       -0.09000 -   0.09000
C1      CG331   HC17    HGA3    1       -0.09000 -   0.09000
ligando2_model1 Success!
